Started by user [8mha:////4P6DN5/ptVItoZ4OD4ihaxoC7SB6SFdPlrS5lyDT9tW/AAAAlx+LCAAAAAAAAP9b85aBtbiIQTGjNKU4P08vOT+vOD8nVc83PyU1x6OyILUoJzMv2y+/JJUBAhiZGBgqihhk0NSjKDWzXb3RdlLBUSYGJk8GtpzUvPSSDB8G5tKinBIGIZ+sxLJE/ZzEvHT94JKizLx0a6BxUmjGOUNodHsLgAzWEgZu/dLi1CL9xJTczDwAj6GcLcAAAAA=[0madmin
Running as SYSTEM
Building in workspace /var/jenkins_home/workspace/devopsCompleto
The recommended git tool is: NONE
using credential github-keber
 > git rev-parse --resolve-git-dir /var/jenkins_home/workspace/devopsCompleto/.git # timeout=10
Fetching changes from the remote Git repository
 > git config remote.origin.url https://github.com/keber/ProjectDevops.git # timeout=10
Fetching upstream changes from https://github.com/keber/ProjectDevops.git
 > git --version # timeout=10
 > git --version # 'git version 2.30.2'
using GIT_SSH to set credentials github-keber
Verifying host key using known hosts file
[8mha:////4IIlnQrC5KgvlsOq5Qd0DPgPctpHbD/paICoxpzsXlGLAAAAwB+LCAAAAAAAAP9djLENwjAQRY8gGIAS0VE77ihAVDQgRVAwQRSMfYl1tuwLStZgDWgYgnFYgIpE6fjN+19fes8PTGKAhakv0VFaOIrOqnTfehUsUnV0rFbbx2t79+8EkgNMrSLNJoNxHSzDLCvzWy5tTlqeOSDpTRNg/qfbDexlMGSUADS+K1+Gk2H2cS2lt7VGimmpqOqJTmpkUVhUxHI53KKTcrdFjEYYF1lUqhU3FfCKRc7o6Af/njhS1AAAAA==[0mYou're using 'Known hosts file' strategy to verify ssh host keys, but your known_hosts file does not exist, please go to 'Manage Jenkins' -> 'Configure Global Security' -> 'Git Host Key Verification Configuration' and configure host key verification.
 > git fetch --tags --force --progress -- https://github.com/keber/ProjectDevops.git +refs/heads/*:refs/remotes/origin/* # timeout=10
 > git rev-parse refs/remotes/origin/main^{commit} # timeout=10
Checking out Revision d7527ccb719ee9d53775a6a37aeec6b1f82cd461 (refs/remotes/origin/main)
 > git config core.sparsecheckout # timeout=10
 > git checkout -f d7527ccb719ee9d53775a6a37aeec6b1f82cd461 # timeout=10
Commit message: "Updated to match head repository"
 > git rev-list --no-walk d7527ccb719ee9d53775a6a37aeec6b1f82cd461 # timeout=10
[devopsCompleto] $ /opt/maven/bin/mvn clean install
[INFO] Scanning for projects...
[INFO] 
[INFO] ---------------------< com.kibernumacademy:devops >---------------------
[INFO] Building devops 0.0.1-SNAPSHOT
[INFO]   from pom.xml
[INFO] --------------------------------[ jar ]---------------------------------
[INFO] 
[INFO] --- clean:3.2.0:clean (default-clean) @ devops ---
[INFO] Deleting /var/jenkins_home/workspace/devopsCompleto/target
[INFO] 
[INFO] --- resources:3.3.1:resources (default-resources) @ devops ---
[INFO] Copying 1 resource from src/main/resources to target/classes
[INFO] Copying 5 resources from src/main/resources to target/classes
[INFO] 
[INFO] --- compiler:3.10.1:compile (default-compile) @ devops ---
[INFO] Changes detected - recompiling the module!
[INFO] Compiling 6 source files to /var/jenkins_home/workspace/devopsCompleto/target/classes
[INFO] 
[INFO] --- resources:3.3.1:testResources (default-testResources) @ devops ---
[INFO] skip non existing resourceDirectory /var/jenkins_home/workspace/devopsCompleto/src/test/resources
[INFO] 
[INFO] --- compiler:3.10.1:testCompile (default-testCompile) @ devops ---
[INFO] Changes detected - recompiling the module!
[INFO] Compiling 3 source files to /var/jenkins_home/workspace/devopsCompleto/target/test-classes
[INFO] 
[INFO] --- surefire:2.22.2:test (default-test) @ devops ---
Downloading from central: https://repo.maven.apache.org/maven2/org/apache/maven/surefire/maven-surefire-common/2.22.2/maven-surefire-common-2.22.2.pom
Progress (1): 1.4/11 kBProgress (1): 2.7/11 kBProgress (1): 4.1/11 kBProgress (1): 5.5/11 kBProgress (1): 6.9/11 kBProgress (1): 8.2/11 kBProgress (1): 9.6/11 kBProgress (1): 11/11 kB Progress (1): 11 kB                      Downloaded from central: https://repo.maven.apache.org/maven2/org/apache/maven/surefire/maven-surefire-common/2.22.2/maven-surefire-common-2.22.2.pom (11 kB at 7.4 kB/s)
Downloading from central: https://repo.maven.apache.org/maven2/org/apache/maven/maven-plugin-api/2.2.1/maven-plugin-api-2.2.1.pom
Progress (1): 1.4/1.5 kBProgress (1): 1.5 kB                        Downloaded from central: https://repo.maven.apache.org/maven2/org/apache/maven/maven-plugin-api/2.2.1/maven-plugin-api-2.2.1.pom (1.5 kB at 63 kB/s)
Downloading from central: https://repo.maven.apache.org/maven2/org/apache/maven/maven/2.2.1/maven-2.2.1.pom
Progress (1): 1.4/22 kBProgress (1): 2.7/22 kBProgress (1): 4.1/22 kBProgress (1): 5.5/22 kBProgress (1): 6.9/22 kBProgress (1): 8.2/22 kBProgress (1): 9.6/22 kBProgress (1): 11/22 kB Progress (1): 12/22 kBProgress (1): 14/22 kBProgress (1): 15/22 kBProgress (1): 16/22 kBProgress (1): 18/22 kBProgress (1): 19/22 kBProgress (1): 21/22 kBProgress (1): 22/22 kBProgress (1): 22 kB                      Downloaded from central: https://repo.maven.apache.org/maven2/org/apache/maven/maven/2.2.1/maven-2.2.1.pom (22 kB at 423 kB/s)
Downloading from central: https://repo.maven.apache.org/maven2/org/apache/maven/maven-parent/11/maven-parent-11.pom
Progress (1): 1.4/32 kBProgress (1): 2.7/32 kBProgress (1): 4.1/32 kBProgress (1): 5.5/32 kBProgress (1): 6.9/32 kBProgress (1): 8.2/32 kBProgress (1): 9.6/32 kBProgress (1): 11/32 kB Progress (1): 12/32 kBProgress (1): 14/32 kBProgress (1): 15/32 kBProgress (1): 16/32 kBProgress (1): 32/32 kBProgress (1): 32 kB                      Downloaded from central: https://repo.maven.apache.org/maven2/org/apache/maven/maven-parent/11/maven-parent-11.pom (32 kB at 772 kB/s)
Downloading from central: https://repo.maven.apache.org/maven2/org/apache/apache/5/apache-5.pom
Progress (1): 4.1 kB                    Downloaded from central: https://repo.maven.apache.org/maven2/org/apache/apache/5/apache-5.pom (4.1 kB at 293 kB/s)
Downloading from central: https://repo.maven.apache.org/maven2/org/apache/maven/plugin-tools/maven-plugin-annotations/3.5.2/maven-plugin-annotations-3.5.2.pom
Progress (1): 1.6 kB                    Downloaded from central: https://repo.maven.apache.org/maven2/org/apache/maven/plugin-tools/maven-plugin-annotations/3.5.2/maven-plugin-annotations-3.5.2.pom (1.6 kB at 56 kB/s)
Downloading from central: https://repo.maven.apache.org/maven2/org/apache/maven/plugin-tools/maven-plugin-tools/3.5.2/maven-plugin-tools-3.5.2.pom
Progress (1): 15 kB                   Downloaded from central: https://repo.maven.apache.org/maven2/org/apache/maven/plugin-tools/maven-plugin-tools/3.5.2/maven-plugin-tools-3.5.2.pom (15 kB at 569 kB/s)
Downloading from central: https://repo.maven.apache.org/maven2/org/apache/maven/maven-parent/31/maven-parent-31.pom
Progress (1): 16/43 kBProgress (1): 33/43 kBProgress (1): 43 kB                      Downloaded from central: https://repo.maven.apache.org/maven2/org/apache/maven/maven-parent/31/maven-parent-31.pom (43 kB at 1.5 MB/s)
Downloading from central: https://repo.maven.apache.org/maven2/org/apache/apache/19/apache-19.pom
Progress (1): 15 kB                   Downloaded from central: https://repo.maven.apache.org/maven2/org/apache/apache/19/apache-19.pom (15 kB at 469 kB/s)
Downloading from central: https://repo.maven.apache.org/maven2/org/apache/maven/maven-artifact/2.2.1/maven-artifact-2.2.1.pom
Progress (1): 1.6 kB                    Downloaded from central: https://repo.maven.apache.org/maven2/org/apache/maven/maven-artifact/2.2.1/maven-artifact-2.2.1.pom (1.6 kB at 75 kB/s)
Downloading from central: https://repo.maven.apache.org/maven2/org/codehaus/plexus/plexus-utils/1.5.15/plexus-utils-1.5.15.pom
Progress (1): 6.8 kB                    Downloaded from central: https://repo.maven.apache.org/maven2/org/codehaus/plexus/plexus-utils/1.5.15/plexus-utils-1.5.15.pom (6.8 kB at 457 kB/s)
Downloading from central: https://repo.maven.apache.org/maven2/org/codehaus/plexus/plexus/2.0.2/plexus-2.0.2.pom
Progress (1): 12 kB                   Downloaded from central: https://repo.maven.apache.org/maven2/org/codehaus/plexus/plexus/2.0.2/plexus-2.0.2.pom (12 kB at 553 kB/s)
Downloading from central: https://repo.maven.apache.org/maven2/org/apache/maven/surefire/surefire-api/2.22.2/surefire-api-2.22.2.pom
Progress (1): 3.5 kB                    Downloaded from central: https://repo.maven.apache.org/maven2/org/apache/maven/surefire/surefire-api/2.22.2/surefire-api-2.22.2.pom (3.5 kB at 197 kB/s)
Downloading from central: https://repo.maven.apache.org/maven2/org/apache/maven/surefire/surefire-logger-api/2.22.2/surefire-logger-api-2.22.2.pom
Progress (1): 2.0 kB                    Downloaded from central: https://repo.maven.apache.org/maven2/org/apache/maven/surefire/surefire-logger-api/2.22.2/surefire-logger-api-2.22.2.pom (2.0 kB at 122 kB/s)
Downloading from central: https://repo.maven.apache.org/maven2/org/apache/maven/surefire/surefire-booter/2.22.2/surefire-booter-2.22.2.pom
Progress (1): 7.5 kB                    Downloaded from central: https://repo.maven.apache.org/maven2/org/apache/maven/surefire/surefire-booter/2.22.2/surefire-booter-2.22.2.pom (7.5 kB at 438 kB/s)
Downloading from central: https://repo.maven.apache.org/maven2/org/apache/maven/maven-plugin-descriptor/2.2.1/maven-plugin-descriptor-2.2.1.pom
Progress (1): 2.1 kB                    Downloaded from central: https://repo.maven.apache.org/maven2/org/apache/maven/maven-plugin-descriptor/2.2.1/maven-plugin-descriptor-2.2.1.pom (2.1 kB at 172 kB/s)
Downloading from central: https://repo.maven.apache.org/maven2/org/codehaus/plexus/plexus-container-default/1.0-alpha-9-stable-1/plexus-container-default-1.0-alpha-9-stable-1.pom
Progress (1): 3.9 kB                    Downloaded from central: https://repo.maven.apache.org/maven2/org/codehaus/plexus/plexus-container-default/1.0-alpha-9-stable-1/plexus-container-default-1.0-alpha-9-stable-1.pom (3.9 kB at 132 kB/s)
Downloading from central: https://repo.maven.apache.org/maven2/org/codehaus/plexus/plexus-containers/1.0.3/plexus-containers-1.0.3.pom
Progress (1): 492 B                   Downloaded from central: https://repo.maven.apache.org/maven2/org/codehaus/plexus/plexus-containers/1.0.3/plexus-containers-1.0.3.pom (492 B at 29 kB/s)
Downloading from central: https://repo.maven.apache.org/maven2/org/codehaus/plexus/plexus/1.0.4/plexus-1.0.4.pom
Progress (1): 5.7 kB                    Downloaded from central: https://repo.maven.apache.org/maven2/org/codehaus/plexus/plexus/1.0.4/plexus-1.0.4.pom (5.7 kB at 229 kB/s)
Downloading from central: https://repo.maven.apache.org/maven2/junit/junit/4.12/junit-4.12.pom
Progress (1): 16/24 kBProgress (1): 24 kB                      Downloaded from central: https://repo.maven.apache.org/maven2/junit/junit/4.12/junit-4.12.pom (24 kB at 1.0 MB/s)
Downloading from central: https://repo.maven.apache.org/maven2/org/hamcrest/hamcrest-core/1.3/hamcrest-core-1.3.pom
Progress (1): 766 B                   Downloaded from central: https://repo.maven.apache.org/maven2/org/hamcrest/hamcrest-core/1.3/hamcrest-core-1.3.pom (766 B at 45 kB/s)
Downloading from central: https://repo.maven.apache.org/maven2/org/hamcrest/hamcrest-parent/1.3/hamcrest-parent-1.3.pom
Progress (1): 2.0 kB                    Downloaded from central: https://repo.maven.apache.org/maven2/org/hamcrest/hamcrest-parent/1.3/hamcrest-parent-1.3.pom (2.0 kB at 152 kB/s)
Downloading from central: https://repo.maven.apache.org/maven2/org/codehaus/plexus/plexus-utils/1.0.4/plexus-utils-1.0.4.pom
Progress (1): 6.9 kB                    Downloaded from central: https://repo.maven.apache.org/maven2/org/codehaus/plexus/plexus-utils/1.0.4/plexus-utils-1.0.4.pom (6.9 kB at 343 kB/s)
Downloading from central: https://repo.maven.apache.org/maven2/classworlds/classworlds/1.1-alpha-2/classworlds-1.1-alpha-2.pom
Progress (1): 3.1 kB                    Downloaded from central: https://repo.maven.apache.org/maven2/classworlds/classworlds/1.1-alpha-2/classworlds-1.1-alpha-2.pom (3.1 kB at 261 kB/s)
Downloading from central: https://repo.maven.apache.org/maven2/org/apache/maven/maven-project/2.2.1/maven-project-2.2.1.pom
Progress (1): 2.8 kB                    Downloaded from central: https://repo.maven.apache.org/maven2/org/apache/maven/maven-project/2.2.1/maven-project-2.2.1.pom (2.8 kB at 308 kB/s)
Downloading from central: https://repo.maven.apache.org/maven2/org/apache/maven/maven-settings/2.2.1/maven-settings-2.2.1.pom
Progress (1): 2.2 kB                    Downloaded from central: https://repo.maven.apache.org/maven2/org/apache/maven/maven-settings/2.2.1/maven-settings-2.2.1.pom (2.2 kB at 115 kB/s)
Downloading from central: https://repo.maven.apache.org/maven2/org/apache/maven/maven-model/2.2.1/maven-model-2.2.1.pom
Progress (1): 3.2 kB                    Downloaded from central: https://repo.maven.apache.org/maven2/org/apache/maven/maven-model/2.2.1/maven-model-2.2.1.pom (3.2 kB at 249 kB/s)
Downloading from central: https://repo.maven.apache.org/maven2/org/codehaus/plexus/plexus-interpolation/1.11/plexus-interpolation-1.11.pom
Progress (1): 889 B                   Downloaded from central: https://repo.maven.apache.org/maven2/org/codehaus/plexus/plexus-interpolation/1.11/plexus-interpolation-1.11.pom (889 B at 68 kB/s)
Downloading from central: https://repo.maven.apache.org/maven2/org/codehaus/plexus/plexus-components/1.1.14/plexus-components-1.1.14.pom
Progress (1): 5.8 kB                    Downloaded from central: https://repo.maven.apache.org/maven2/org/codehaus/plexus/plexus-components/1.1.14/plexus-components-1.1.14.pom (5.8 kB at 417 kB/s)
Downloading from central: https://repo.maven.apache.org/maven2/org/apache/maven/maven-profile/2.2.1/maven-profile-2.2.1.pom
Progress (1): 2.2 kB                    Downloaded from central: https://repo.maven.apache.org/maven2/org/apache/maven/maven-profile/2.2.1/maven-profile-2.2.1.pom (2.2 kB at 197 kB/s)
Downloading from central: https://repo.maven.apache.org/maven2/org/apache/maven/maven-artifact-manager/2.2.1/maven-artifact-manager-2.2.1.pom
Progress (1): 3.1 kB                    Downloaded from central: https://repo.maven.apache.org/maven2/org/apache/maven/maven-artifact-manager/2.2.1/maven-artifact-manager-2.2.1.pom (3.1 kB at 239 kB/s)
Downloading from central: https://repo.maven.apache.org/maven2/org/apache/maven/maven-repository-metadata/2.2.1/maven-repository-metadata-2.2.1.pom
Progress (1): 1.9 kB                    Downloaded from central: https://repo.maven.apache.org/maven2/org/apache/maven/maven-repository-metadata/2.2.1/maven-repository-metadata-2.2.1.pom (1.9 kB at 125 kB/s)
Downloading from central: https://repo.maven.apache.org/maven2/backport-util-concurrent/backport-util-concurrent/3.1/backport-util-concurrent-3.1.pom
Progress (1): 880 B                   Downloaded from central: https://repo.maven.apache.org/maven2/backport-util-concurrent/backport-util-concurrent/3.1/backport-util-concurrent-3.1.pom (880 B at 68 kB/s)
Downloading from central: https://repo.maven.apache.org/maven2/org/apache/maven/maven-plugin-registry/2.2.1/maven-plugin-registry-2.2.1.pom
Progress (1): 1.9 kB                    Downloaded from central: https://repo.maven.apache.org/maven2/org/apache/maven/maven-plugin-registry/2.2.1/maven-plugin-registry-2.2.1.pom (1.9 kB at 193 kB/s)
Downloading from central: https://repo.maven.apache.org/maven2/org/apache/maven/maven-core/2.2.1/maven-core-2.2.1.pom
Progress (1): 12 kB                   Downloaded from central: https://repo.maven.apache.org/maven2/org/apache/maven/maven-core/2.2.1/maven-core-2.2.1.pom (12 kB at 895 kB/s)
Downloading from central: https://repo.maven.apache.org/maven2/org/apache/maven/maven-plugin-parameter-documenter/2.2.1/maven-plugin-parameter-documenter-2.2.1.pom
Progress (1): 2.0 kB                    Downloaded from central: https://repo.maven.apache.org/maven2/org/apache/maven/maven-plugin-parameter-documenter/2.2.1/maven-plugin-parameter-documenter-2.2.1.pom (2.0 kB at 109 kB/s)
Downloading from central: https://repo.maven.apache.org/maven2/org/slf4j/slf4j-jdk14/1.5.6/slf4j-jdk14-1.5.6.pom
Progress (1): 1.9 kB                    Downloaded from central: https://repo.maven.apache.org/maven2/org/slf4j/slf4j-jdk14/1.5.6/slf4j-jdk14-1.5.6.pom (1.9 kB at 146 kB/s)
Downloading from central: https://repo.maven.apache.org/maven2/org/slf4j/slf4j-parent/1.5.6/slf4j-parent-1.5.6.pom
Progress (1): 7.9 kB                    Downloaded from central: https://repo.maven.apache.org/maven2/org/slf4j/slf4j-parent/1.5.6/slf4j-parent-1.5.6.pom (7.9 kB at 660 kB/s)
Downloading from central: https://repo.maven.apache.org/maven2/org/slf4j/slf4j-api/1.5.6/slf4j-api-1.5.6.pom
Progress (1): 3.0 kB                    Downloaded from central: https://repo.maven.apache.org/maven2/org/slf4j/slf4j-api/1.5.6/slf4j-api-1.5.6.pom (3.0 kB at 199 kB/s)
Downloading from central: https://repo.maven.apache.org/maven2/org/slf4j/jcl-over-slf4j/1.5.6/jcl-over-slf4j-1.5.6.pom
Progress (1): 2.2 kB                    Downloaded from central: https://repo.maven.apache.org/maven2/org/slf4j/jcl-over-slf4j/1.5.6/jcl-over-slf4j-1.5.6.pom (2.2 kB at 155 kB/s)
Downloading from central: https://repo.maven.apache.org/maven2/org/apache/maven/reporting/maven-reporting-api/3.0/maven-reporting-api-3.0.pom
Progress (1): 2.4 kB                    Downloaded from central: https://repo.maven.apache.org/maven2/org/apache/maven/reporting/maven-reporting-api/3.0/maven-reporting-api-3.0.pom (2.4 kB at 140 kB/s)
Downloading from central: https://repo.maven.apache.org/maven2/org/apache/maven/shared/maven-shared-components/15/maven-shared-components-15.pom
Progress (1): 9.3 kB                    Downloaded from central: https://repo.maven.apache.org/maven2/org/apache/maven/shared/maven-shared-components/15/maven-shared-components-15.pom (9.3 kB at 667 kB/s)
Downloading from central: https://repo.maven.apache.org/maven2/org/apache/maven/maven-parent/16/maven-parent-16.pom
Progress (1): 16/23 kBProgress (1): 23 kB                      Downloaded from central: https://repo.maven.apache.org/maven2/org/apache/maven/maven-parent/16/maven-parent-16.pom (23 kB at 1.3 MB/s)
Downloading from central: https://repo.maven.apache.org/maven2/org/apache/apache/7/apache-7.pom
Progress (1): 14 kB                   Downloaded from central: https://repo.maven.apache.org/maven2/org/apache/apache/7/apache-7.pom (14 kB at 656 kB/s)
Downloading from central: https://repo.maven.apache.org/maven2/org/apache/maven/maven-error-diagnostics/2.2.1/maven-error-diagnostics-2.2.1.pom
Progress (1): 1.7 kB                    Downloaded from central: https://repo.maven.apache.org/maven2/org/apache/maven/maven-error-diagnostics/2.2.1/maven-error-diagnostics-2.2.1.pom (1.7 kB at 57 kB/s)
Downloading from central: https://repo.maven.apache.org/maven2/org/apache/maven/maven-monitor/2.2.1/maven-monitor-2.2.1.pom
Progress (1): 1.3 kB                    Downloaded from central: https://repo.maven.apache.org/maven2/org/apache/maven/maven-monitor/2.2.1/maven-monitor-2.2.1.pom (1.3 kB at 66 kB/s)
Downloading from central: https://repo.maven.apache.org/maven2/classworlds/classworlds/1.1/classworlds-1.1.pom
Progress (1): 3.3 kB                    Downloaded from central: https://repo.maven.apache.org/maven2/classworlds/classworlds/1.1/classworlds-1.1.pom (3.3 kB at 115 kB/s)
Downloading from central: https://repo.maven.apache.org/maven2/org/sonatype/plexus/plexus-sec-dispatcher/1.3/plexus-sec-dispatcher-1.3.pom
Progress (1): 3.0 kB                    Downloaded from central: https://repo.maven.apache.org/maven2/org/sonatype/plexus/plexus-sec-dispatcher/1.3/plexus-sec-dispatcher-1.3.pom (3.0 kB at 148 kB/s)
Downloading from central: https://repo.maven.apache.org/maven2/org/sonatype/spice/spice-parent/12/spice-parent-12.pom
Progress (1): 6.8 kB                    Downloaded from central: https://repo.maven.apache.org/maven2/org/sonatype/spice/spice-parent/12/spice-parent-12.pom (6.8 kB at 283 kB/s)
Downloading from central: https://repo.maven.apache.org/maven2/org/sonatype/forge/forge-parent/4/forge-parent-4.pom
Progress (1): 8.4 kB                    Downloaded from central: https://repo.maven.apache.org/maven2/org/sonatype/forge/forge-parent/4/forge-parent-4.pom (8.4 kB at 646 kB/s)
Downloading from central: https://repo.maven.apache.org/maven2/org/codehaus/plexus/plexus-utils/1.5.5/plexus-utils-1.5.5.pom
Progress (1): 5.1 kB                    Downloaded from central: https://repo.maven.apache.org/maven2/org/codehaus/plexus/plexus-utils/1.5.5/plexus-utils-1.5.5.pom (5.1 kB at 368 kB/s)
Downloading from central: https://repo.maven.apache.org/maven2/org/codehaus/plexus/plexus/1.0.11/plexus-1.0.11.pom
Progress (1): 9.0 kB                    Downloaded from central: https://repo.maven.apache.org/maven2/org/codehaus/plexus/plexus/1.0.11/plexus-1.0.11.pom (9.0 kB at 528 kB/s)
Downloading from central: https://repo.maven.apache.org/maven2/org/sonatype/plexus/plexus-cipher/1.4/plexus-cipher-1.4.pom
Progress (1): 2.1 kB                    Downloaded from central: https://repo.maven.apache.org/maven2/org/sonatype/plexus/plexus-cipher/1.4/plexus-cipher-1.4.pom (2.1 kB at 83 kB/s)
Downloading from central: https://repo.maven.apache.org/maven2/org/apache/maven/maven-toolchain/2.2.1/maven-toolchain-2.2.1.pom
Progress (1): 3.3 kB                    Downloaded from central: https://repo.maven.apache.org/maven2/org/apache/maven/maven-toolchain/2.2.1/maven-toolchain-2.2.1.pom (3.3 kB at 197 kB/s)
Downloading from central: https://repo.maven.apache.org/maven2/org/codehaus/plexus/plexus-java/0.9.10/plexus-java-0.9.10.pom
Progress (1): 5.1 kB                    Downloaded from central: https://repo.maven.apache.org/maven2/org/codehaus/plexus/plexus-java/0.9.10/plexus-java-0.9.10.pom (5.1 kB at 426 kB/s)
Downloading from central: https://repo.maven.apache.org/maven2/org/codehaus/plexus/plexus-languages/0.9.10/plexus-languages-0.9.10.pom
Progress (1): 4.1 kB                    Downloaded from central: https://repo.maven.apache.org/maven2/org/codehaus/plexus/plexus-languages/0.9.10/plexus-languages-0.9.10.pom (4.1 kB at 376 kB/s)
Downloading from central: https://repo.maven.apache.org/maven2/org/codehaus/plexus/plexus/4.0/plexus-4.0.pom
Progress (1): 16/22 kBProgress (1): 22 kB                      Downloaded from central: https://repo.maven.apache.org/maven2/org/codehaus/plexus/plexus/4.0/plexus-4.0.pom (22 kB at 1.3 MB/s)
Downloading from central: https://repo.maven.apache.org/maven2/org/sonatype/forge/forge-parent/10/forge-parent-10.pom
Progress (1): 14 kB                   Downloaded from central: https://repo.maven.apache.org/maven2/org/sonatype/forge/forge-parent/10/forge-parent-10.pom (14 kB at 1.2 MB/s)
Downloading from central: https://repo.maven.apache.org/maven2/org/ow2/asm/asm/6.2/asm-6.2.pom
Progress (1): 2.9 kB                    Downloaded from central: https://repo.maven.apache.org/maven2/org/ow2/asm/asm/6.2/asm-6.2.pom (2.9 kB at 173 kB/s)
Downloading from central: https://repo.maven.apache.org/maven2/com/thoughtworks/qdox/qdox/2.0-M8/qdox-2.0-M8.pom
Progress (1): 16 kB                   Downloaded from central: https://repo.maven.apache.org/maven2/com/thoughtworks/qdox/qdox/2.0-M8/qdox-2.0-M8.pom (16 kB at 880 kB/s)
Downloading from central: https://repo.maven.apache.org/maven2/org/apache/maven/surefire/maven-surefire-common/2.22.2/maven-surefire-common-2.22.2.jar
Progress (1): 16/528 kBProgress (1): 32/528 kBProgress (1): 49/528 kBProgress (1): 65/528 kBProgress (1): 81/528 kBProgress (1): 98/528 kBProgress (1): 114/528 kBProgress (1): 131/528 kBProgress (1): 147/528 kBProgress (1): 163/528 kBProgress (1): 180/528 kBProgress (1): 196/528 kBProgress (1): 212/528 kBProgress (1): 229/528 kBProgress (1): 245/528 kBProgress (1): 262/528 kBProgress (1): 278/528 kBProgress (1): 294/528 kBProgress (1): 311/528 kBProgress (1): 327/528 kBProgress (1): 344/528 kBProgress (1): 360/528 kBProgress (1): 376/528 kBProgress (1): 393/528 kBProgress (1): 402/528 kBProgress (1): 418/528 kBProgress (1): 435/528 kBProgress (1): 451/528 kBProgress (1): 468/528 kBProgress (1): 484/528 kBProgress (1): 500/528 kBProgress (1): 517/528 kBProgress (1): 528 kB                        Downloaded from central: https://repo.maven.apache.org/maven2/org/apache/maven/surefire/maven-surefire-common/2.22.2/maven-surefire-common-2.22.2.jar (528 kB at 2.2 MB/s)
Downloading from central: https://repo.maven.apache.org/maven2/org/apache/maven/maven-plugin-api/2.2.1/maven-plugin-api-2.2.1.jar
Downloading from central: https://repo.maven.apache.org/maven2/org/apache/maven/surefire/surefire-api/2.22.2/surefire-api-2.22.2.jar
Downloading from central: https://repo.maven.apache.org/maven2/org/apache/maven/plugin-tools/maven-plugin-annotations/3.5.2/maven-plugin-annotations-3.5.2.jar
Downloading from central: https://repo.maven.apache.org/maven2/org/apache/maven/surefire/surefire-logger-api/2.22.2/surefire-logger-api-2.22.2.jar
Downloading from central: https://repo.maven.apache.org/maven2/org/apache/maven/surefire/surefire-booter/2.22.2/surefire-booter-2.22.2.jar
Progress (1): 13 kB                   Downloaded from central: https://repo.maven.apache.org/maven2/org/apache/maven/surefire/surefire-logger-api/2.22.2/surefire-logger-api-2.22.2.jar (13 kB at 98 kB/s)
Progress (1): 1.4/12 kBProgress (2): 1.4/12 kB | 1.4/274 kBProgress (2): 1.4/12 kB | 2.7/274 kBProgress (2): 1.4/12 kB | 4.1/274 kBProgress (3): 1.4/12 kB | 4.1/274 kB | 1.4/14 kB                                                Downloading from central: https://repo.maven.apache.org/maven2/org/apache/maven/maven-artifact/2.2.1/maven-artifact-2.2.1.jar
Progress (3): 1.4/12 kB | 5.5/274 kB | 1.4/14 kBProgress (3): 2.7/12 kB | 5.5/274 kB | 1.4/14 kBProgress (3): 2.7/12 kB | 6.9/274 kB | 1.4/14 kBProgress (3): 2.7/12 kB | 6.9/274 kB | 2.7/14 kBProgress (3): 2.7/12 kB | 8.2/274 kB | 2.7/14 kBProgress (3): 4.1/12 kB | 8.2/274 kB | 2.7/14 kBProgress (3): 4.1/12 kB | 9.6/274 kB | 2.7/14 kBProgress (3): 4.1/12 kB | 9.6/274 kB | 4.1/14 kBProgress (3): 4.1/12 kB | 11/274 kB | 4.1/14 kB Progress (3): 5.5/12 kB | 11/274 kB | 4.1/14 kBProgress (3): 5.5/12 kB | 12/274 kB | 4.1/14 kBProgress (3): 5.5/12 kB | 12/274 kB | 5.5/14 kBProgress (3): 5.5/12 kB | 14/274 kB | 5.5/14 kBProgress (3): 6.9/12 kB | 14/274 kB | 5.5/14 kBProgress (3): 6.9/12 kB | 15/274 kB | 5.5/14 kBProgress (3): 6.9/12 kB | 15/274 kB | 6.9/14 kBProgress (3): 6.9/12 kB | 16/274 kB | 6.9/14 kBProgress (3): 8.2/12 kB | 16/274 kB | 6.9/14 kBProgress (3): 9.6/12 kB | 16/274 kB | 6.9/14 kBProgress (3): 11/12 kB | 16/274 kB | 6.9/14 kB Progress (3): 12/12 kB | 16/274 kB | 6.9/14 kBProgress (3): 12 kB | 16/274 kB | 6.9/14 kB                                              Downloaded from central: https://repo.maven.apache.org/maven2/org/apache/maven/maven-plugin-api/2.2.1/maven-plugin-api-2.2.1.jar (12 kB at 63 kB/s)
Downloading from central: https://repo.maven.apache.org/maven2/org/codehaus/plexus/plexus-utils/1.5.15/plexus-utils-1.5.15.jar
Progress (2): 16/274 kB | 8.2/14 kBProgress (3): 16/274 kB | 8.2/14 kB | 16/80 kBProgress (3): 32/274 kB | 8.2/14 kB | 16/80 kBProgress (3): 32/274 kB | 9.6/14 kB | 16/80 kBProgress (3): 32/274 kB | 11/14 kB | 16/80 kB Progress (3): 49/274 kB | 11/14 kB | 16/80 kBProgress (4): 49/274 kB | 11/14 kB | 16/80 kB | 16/186 kBProgress (4): 49/274 kB | 11/14 kB | 16/80 kB | 33/186 kBProgress (4): 65/274 kB | 11/14 kB | 16/80 kB | 33/186 kBProgress (4): 65/274 kB | 12/14 kB | 16/80 kB | 33/186 kBProgress (4): 65/274 kB | 14/14 kB | 16/80 kB | 33/186 kBProgress (4): 65/274 kB | 14 kB | 16/80 kB | 33/186 kB                                                         Downloaded from central: https://repo.maven.apache.org/maven2/org/apache/maven/plugin-tools/maven-plugin-annotations/3.5.2/maven-plugin-annotations-3.5.2.jar (14 kB at 80 kB/s)
Downloading from central: https://repo.maven.apache.org/maven2/org/apache/maven/maven-plugin-descriptor/2.2.1/maven-plugin-descriptor-2.2.1.jar
Progress (4): 65/274 kB | 16/80 kB | 33/186 kB | 1.4/228 kBProgress (4): 65/274 kB | 16/80 kB | 33/186 kB | 2.7/228 kBProgress (4): 65/274 kB | 16/80 kB | 33/186 kB | 4.1/228 kBProgress (4): 65/274 kB | 16/80 kB | 33/186 kB | 5.5/228 kBProgress (4): 65/274 kB | 16/80 kB | 33/186 kB | 6.9/228 kBProgress (4): 65/274 kB | 16/80 kB | 49/186 kB | 6.9/228 kBProgress (4): 65/274 kB | 16/80 kB | 66/186 kB | 6.9/228 kBProgress (4): 81/274 kB | 16/80 kB | 66/186 kB | 6.9/228 kBProgress (4): 81/274 kB | 33/80 kB | 66/186 kB | 6.9/228 kBProgress (5): 81/274 kB | 33/80 kB | 66/186 kB | 6.9/228 kB | 1.4/39 kBProgress (5): 81/274 kB | 33/80 kB | 66/186 kB | 6.9/228 kB | 2.7/39 kBProgress (5): 81/274 kB | 33/80 kB | 66/186 kB | 6.9/228 kB | 4.1/39 kBProgress (5): 81/274 kB | 33/80 kB | 66/186 kB | 6.9/228 kB | 5.5/39 kBProgress (5): 81/274 kB | 33/80 kB | 66/186 kB | 8.2/228 kB | 5.5/39 kBProgress (5): 81/274 kB | 33/80 kB | 66/186 kB | 9.6/228 kB | 5.5/39 kBProgress (5): 81/274 kB | 33/80 kB | 66/186 kB | 11/228 kB | 5.5/39 kB Progress (5): 81/274 kB | 33/80 kB | 66/186 kB | 12/228 kB | 5.5/39 kBProgress (5): 81/274 kB | 33/80 kB | 66/186 kB | 14/228 kB | 5.5/39 kBProgress (5): 81/274 kB | 33/80 kB | 66/186 kB | 15/228 kB | 5.5/39 kBProgress (5): 81/274 kB | 33/80 kB | 66/186 kB | 16/228 kB | 5.5/39 kBProgress (5): 81/274 kB | 33/80 kB | 66/186 kB | 16/228 kB | 6.9/39 kBProgress (5): 81/274 kB | 33/80 kB | 82/186 kB | 16/228 kB | 6.9/39 kBProgress (5): 81/274 kB | 33/80 kB | 82/186 kB | 16/228 kB | 8.2/39 kBProgress (5): 81/274 kB | 33/80 kB | 82/186 kB | 16/228 kB | 9.6/39 kBProgress (5): 81/274 kB | 33/80 kB | 82/186 kB | 16/228 kB | 11/39 kB Progress (5): 98/274 kB | 33/80 kB | 82/186 kB | 16/228 kB | 11/39 kBProgress (5): 98/274 kB | 49/80 kB | 82/186 kB | 16/228 kB | 11/39 kBProgress (5): 98/274 kB | 49/80 kB | 82/186 kB | 32/228 kB | 11/39 kBProgress (5): 98/274 kB | 49/80 kB | 82/186 kB | 32/228 kB | 12/39 kBProgress (5): 98/274 kB | 49/80 kB | 82/186 kB | 32/228 kB | 14/39 kBProgress (5): 98/274 kB | 49/80 kB | 98/186 kB | 32/228 kB | 14/39 kBProgress (5): 98/274 kB | 49/80 kB | 98/186 kB | 32/228 kB | 15/39 kBProgress (5): 98/274 kB | 49/80 kB | 98/186 kB | 32/228 kB | 16/39 kBProgress (5): 98/274 kB | 49/80 kB | 98/186 kB | 32/228 kB | 18/39 kBProgress (5): 98/274 kB | 49/80 kB | 98/186 kB | 32/228 kB | 19/39 kBProgress (5): 98/274 kB | 49/80 kB | 98/186 kB | 32/228 kB | 21/39 kBProgress (5): 98/274 kB | 49/80 kB | 98/186 kB | 49/228 kB | 21/39 kBProgress (5): 98/274 kB | 49/80 kB | 98/186 kB | 65/228 kB | 21/39 kBProgress (5): 98/274 kB | 49/80 kB | 98/186 kB | 81/228 kB | 21/39 kBProgress (5): 98/274 kB | 49/80 kB | 98/186 kB | 98/228 kB | 21/39 kBProgress (5): 114/274 kB | 49/80 kB | 98/186 kB | 98/228 kB | 21/39 kBProgress (5): 114/274 kB | 49/80 kB | 115/186 kB | 98/228 kB | 21/39 kBProgress (5): 114/274 kB | 49/80 kB | 115/186 kB | 98/228 kB | 22/39 kBProgress (5): 114/274 kB | 49/80 kB | 115/186 kB | 98/228 kB | 23/39 kBProgress (5): 114/274 kB | 63/80 kB | 115/186 kB | 98/228 kB | 23/39 kBProgress (5): 131/274 kB | 63/80 kB | 115/186 kB | 98/228 kB | 23/39 kBProgress (5): 131/274 kB | 63/80 kB | 115/186 kB | 98/228 kB | 25/39 kBProgress (5): 131/274 kB | 63/80 kB | 115/186 kB | 98/228 kB | 26/39 kBProgress (5): 131/274 kB | 80/80 kB | 115/186 kB | 98/228 kB | 26/39 kBProgress (5): 131/274 kB | 80/80 kB | 115/186 kB | 114/228 kB | 26/39 kBProgress (5): 147/274 kB | 80/80 kB | 115/186 kB | 114/228 kB | 26/39 kBProgress (5): 147/274 kB | 80/80 kB | 115/186 kB | 114/228 kB | 27/39 kBProgress (5): 147/274 kB | 80/80 kB | 131/186 kB | 114/228 kB | 27/39 kBProgress (5): 147/274 kB | 80/80 kB | 131/186 kB | 114/228 kB | 29/39 kBProgress (5): 147/274 kB | 80/80 kB | 131/186 kB | 114/228 kB | 30/39 kBProgress (5): 147/274 kB | 80/80 kB | 131/186 kB | 114/228 kB | 32/39 kBProgress (5): 147/274 kB | 80/80 kB | 131/186 kB | 114/228 kB | 33/39 kBProgress (5): 147/274 kB | 80/80 kB | 131/186 kB | 114/228 kB | 34/39 kBProgress (5): 147/274 kB | 80/80 kB | 131/186 kB | 131/228 kB | 34/39 kBProgress (5): 147/274 kB | 80 kB | 131/186 kB | 131/228 kB | 34/39 kB   Progress (5): 147/274 kB | 80 kB | 147/186 kB | 131/228 kB | 34/39 kBProgress (5): 147/274 kB | 80 kB | 147/186 kB | 147/228 kB | 34/39 kBProgress (5): 163/274 kB | 80 kB | 147/186 kB | 147/228 kB | 34/39 kBProgress (5): 163/274 kB | 80 kB | 147/186 kB | 147/228 kB | 36/39 kB                                                                     Downloaded from central: https://repo.maven.apache.org/maven2/org/apache/maven/maven-artifact/2.2.1/maven-artifact-2.2.1.jar (80 kB at 392 kB/s)
Downloading from central: https://repo.maven.apache.org/maven2/org/codehaus/plexus/plexus-container-default/1.0-alpha-9-stable-1/plexus-container-default-1.0-alpha-9-stable-1.jar
Progress (4): 163/274 kB | 147/186 kB | 147/228 kB | 37/39 kBProgress (4): 163/274 kB | 164/186 kB | 147/228 kB | 37/39 kBProgress (4): 163/274 kB | 164/186 kB | 147/228 kB | 38/39 kBProgress (4): 163/274 kB | 164/186 kB | 147/228 kB | 39 kB   Progress (4): 180/274 kB | 164/186 kB | 147/228 kB | 39 kBProgress (4): 180/274 kB | 164/186 kB | 163/228 kB | 39 kB                                                          Downloaded from central: https://repo.maven.apache.org/maven2/org/apache/maven/maven-plugin-descriptor/2.2.1/maven-plugin-descriptor-2.2.1.jar (39 kB at 181 kB/s)
Downloading from central: https://repo.maven.apache.org/maven2/junit/junit/4.12/junit-4.12.jar
Progress (3): 180/274 kB | 180/186 kB | 163/228 kBProgress (3): 196/274 kB | 180/186 kB | 163/228 kBProgress (3): 196/274 kB | 186 kB | 163/228 kB                                                  Downloaded from central: https://repo.maven.apache.org/maven2/org/apache/maven/surefire/surefire-api/2.22.2/surefire-api-2.22.2.jar (186 kB at 619 kB/s)
Downloading from central: https://repo.maven.apache.org/maven2/org/hamcrest/hamcrest-core/1.3/hamcrest-core-1.3.jar
Progress (2): 196/274 kB | 180/228 kBProgress (2): 212/274 kB | 180/228 kBProgress (3): 212/274 kB | 180/228 kB | 16/194 kBProgress (4): 212/274 kB | 180/228 kB | 16/194 kB | 16/45 kBProgress (4): 212/274 kB | 196/228 kB | 16/194 kB | 16/45 kBProgress (5): 212/274 kB | 196/228 kB | 16/194 kB | 16/45 kB | 16/315 kBProgress (5): 229/274 kB | 196/228 kB | 16/194 kB | 16/45 kB | 16/315 kBProgress (5): 229/274 kB | 196/228 kB | 33/194 kB | 16/45 kB | 16/315 kBProgress (5): 229/274 kB | 196/228 kB | 33/194 kB | 32/45 kB | 16/315 kBProgress (5): 229/274 kB | 212/228 kB | 33/194 kB | 32/45 kB | 16/315 kBProgress (5): 245/274 kB | 212/228 kB | 33/194 kB | 32/45 kB | 16/315 kBProgress (5): 245/274 kB | 212/228 kB | 49/194 kB | 32/45 kB | 16/315 kBProgress (5): 245/274 kB | 212/228 kB | 49/194 kB | 32/45 kB | 33/315 kBProgress (5): 245/274 kB | 212/228 kB | 66/194 kB | 32/45 kB | 33/315 kBProgress (5): 245/274 kB | 212/228 kB | 82/194 kB | 32/45 kB | 33/315 kBProgress (5): 245/274 kB | 212/228 kB | 82/194 kB | 45 kB | 33/315 kB   Progress (5): 245/274 kB | 228 kB | 82/194 kB | 45 kB | 33/315 kB    Progress (5): 262/274 kB | 228 kB | 82/194 kB | 45 kB | 33/315 kBProgress (5): 262/274 kB | 228 kB | 82/194 kB | 45 kB | 49/315 kBProgress (5): 262/274 kB | 228 kB | 82/194 kB | 45 kB | 64/315 kB                                                                 Downloaded from central: https://repo.maven.apache.org/maven2/org/codehaus/plexus/plexus-utils/1.5.15/plexus-utils-1.5.15.jar (228 kB at 763 kB/s)
Downloaded from central: https://repo.maven.apache.org/maven2/org/hamcrest/hamcrest-core/1.3/hamcrest-core-1.3.jar (45 kB at 150 kB/s)
Downloading from central: https://repo.maven.apache.org/maven2/org/apache/maven/maven-settings/2.2.1/maven-settings-2.2.1.jar
Progress (3): 274 kB | 82/194 kB | 64/315 kB                                            Downloading from central: https://repo.maven.apache.org/maven2/org/apache/maven/maven-project/2.2.1/maven-project-2.2.1.jar
Progress (3): 274 kB | 98/194 kB | 64/315 kB                                            Downloaded from central: https://repo.maven.apache.org/maven2/org/apache/maven/surefire/surefire-booter/2.22.2/surefire-booter-2.22.2.jar (274 kB at 871 kB/s)
Progress (2): 98/194 kB | 81/315 kB                                   Downloading from central: https://repo.maven.apache.org/maven2/org/apache/maven/maven-profile/2.2.1/maven-profile-2.2.1.jar
Progress (2): 115/194 kB | 81/315 kBProgress (3): 115/194 kB | 81/315 kB | 16/49 kBProgress (3): 131/194 kB | 81/315 kB | 16/49 kBProgress (4): 131/194 kB | 81/315 kB | 16/49 kB | 16/156 kBProgress (4): 147/194 kB | 81/315 kB | 16/49 kB | 16/156 kBProgress (4): 147/194 kB | 97/315 kB | 16/49 kB | 16/156 kBProgress (4): 164/194 kB | 97/315 kB | 16/49 kB | 16/156 kBProgress (4): 164/194 kB | 97/315 kB | 33/49 kB | 16/156 kBProgress (4): 180/194 kB | 97/315 kB | 33/49 kB | 16/156 kBProgress (5): 180/194 kB | 97/315 kB | 33/49 kB | 16/156 kB | 16/35 kBProgress (5): 180/194 kB | 97/315 kB | 33/49 kB | 32/156 kB | 16/35 kBProgress (5): 194 kB | 97/315 kB | 33/49 kB | 32/156 kB | 16/35 kB    Progress (5): 194 kB | 114/315 kB | 33/49 kB | 32/156 kB | 16/35 kB                                                                   Downloaded from central: https://repo.maven.apache.org/maven2/org/codehaus/plexus/plexus-container-default/1.0-alpha-9-stable-1/plexus-container-default-1.0-alpha-9-stable-1.jar (194 kB at 558 kB/s)
Downloading from central: https://repo.maven.apache.org/maven2/org/apache/maven/maven-artifact-manager/2.2.1/maven-artifact-manager-2.2.1.jar
Progress (4): 114/315 kB | 49 kB | 32/156 kB | 16/35 kB                                                       Downloaded from central: https://repo.maven.apache.org/maven2/org/apache/maven/maven-settings/2.2.1/maven-settings-2.2.1.jar (49 kB at 139 kB/s)
Downloading from central: https://repo.maven.apache.org/maven2/backport-util-concurrent/backport-util-concurrent/3.1/backport-util-concurrent-3.1.jar
Progress (3): 114/315 kB | 32/156 kB | 32/35 kBProgress (3): 114/315 kB | 49/156 kB | 32/35 kBProgress (3): 114/315 kB | 49/156 kB | 35 kB                                               Downloaded from central: https://repo.maven.apache.org/maven2/org/apache/maven/maven-profile/2.2.1/maven-profile-2.2.1.jar (35 kB at 99 kB/s)
Downloading from central: https://repo.maven.apache.org/maven2/org/apache/maven/maven-plugin-registry/2.2.1/maven-plugin-registry-2.2.1.jar
Progress (2): 130/315 kB | 49/156 kBProgress (2): 130/315 kB | 65/156 kBProgress (3): 130/315 kB | 65/156 kB | 16/332 kBProgress (4): 130/315 kB | 65/156 kB | 16/332 kB | 16/30 kBProgress (4): 130/315 kB | 81/156 kB | 16/332 kB | 16/30 kBProgress (4): 146/315 kB | 81/156 kB | 16/332 kB | 16/30 kBProgress (5): 146/315 kB | 81/156 kB | 16/332 kB | 16/30 kB | 16/68 kBProgress (5): 146/315 kB | 81/156 kB | 16/332 kB | 16/30 kB | 32/68 kBProgress (5): 146/315 kB | 81/156 kB | 32/332 kB | 16/30 kB | 32/68 kBProgress (5): 146/315 kB | 98/156 kB | 32/332 kB | 16/30 kB | 32/68 kBProgress (5): 146/315 kB | 98/156 kB | 32/332 kB | 16/30 kB | 49/68 kBProgress (5): 146/315 kB | 98/156 kB | 32/332 kB | 16/30 kB | 65/68 kBProgress (5): 146/315 kB | 98/156 kB | 32/332 kB | 16/30 kB | 68 kB                                                                      Downloaded from central: https://repo.maven.apache.org/maven2/org/apache/maven/maven-artifact-manager/2.2.1/maven-artifact-manager-2.2.1.jar (68 kB at 165 kB/s)
Downloading from central: https://repo.maven.apache.org/maven2/org/codehaus/plexus/plexus-interpolation/1.11/plexus-interpolation-1.11.jar
Progress (4): 146/315 kB | 98/156 kB | 32/332 kB | 30 kB                                                        Downloaded from central: https://repo.maven.apache.org/maven2/org/apache/maven/maven-plugin-registry/2.2.1/maven-plugin-registry-2.2.1.jar (30 kB at 70 kB/s)
Downloading from central: https://repo.maven.apache.org/maven2/org/apache/maven/maven-model/2.2.1/maven-model-2.2.1.jar
Progress (3): 163/315 kB | 98/156 kB | 32/332 kBProgress (3): 163/315 kB | 98/156 kB | 49/332 kBProgress (3): 163/315 kB | 114/156 kB | 49/332 kBProgress (4): 163/315 kB | 114/156 kB | 49/332 kB | 16/51 kBProgress (4): 163/315 kB | 114/156 kB | 65/332 kB | 16/51 kBProgress (4): 163/315 kB | 114/156 kB | 65/332 kB | 33/51 kBProgress (4): 163/315 kB | 114/156 kB | 65/332 kB | 49/51 kBProgress (4): 163/315 kB | 114/156 kB | 65/332 kB | 51 kB   Progress (5): 163/315 kB | 114/156 kB | 65/332 kB | 51 kB | 16/88 kBProgress (5): 163/315 kB | 131/156 kB | 65/332 kB | 51 kB | 16/88 kBProgress (5): 179/315 kB | 131/156 kB | 65/332 kB | 51 kB | 16/88 kBProgress (5): 179/315 kB | 131/156 kB | 81/332 kB | 51 kB | 16/88 kB                                                                    Downloaded from central: https://repo.maven.apache.org/maven2/org/codehaus/plexus/plexus-interpolation/1.11/plexus-interpolation-1.11.jar (51 kB at 110 kB/s)
Progress (4): 179/315 kB | 131/156 kB | 81/332 kB | 33/88 kBProgress (4): 179/315 kB | 131/156 kB | 98/332 kB | 33/88 kBProgress (4): 195/315 kB | 131/156 kB | 98/332 kB | 33/88 kBProgress (4): 195/315 kB | 147/156 kB | 98/332 kB | 33/88 kB                                                            Downloading from central: https://repo.maven.apache.org/maven2/org/apache/maven/maven-core/2.2.1/maven-core-2.2.1.jar
Progress (4): 195/315 kB | 156 kB | 98/332 kB | 33/88 kB                                                        Downloaded from central: https://repo.maven.apache.org/maven2/org/apache/maven/maven-project/2.2.1/maven-project-2.2.1.jar (156 kB at 335 kB/s)
Downloading from central: https://repo.maven.apache.org/maven2/org/apache/maven/maven-plugin-parameter-documenter/2.2.1/maven-plugin-parameter-documenter-2.2.1.jar
Progress (3): 195/315 kB | 98/332 kB | 49/88 kBProgress (3): 212/315 kB | 98/332 kB | 49/88 kBProgress (3): 212/315 kB | 114/332 kB | 49/88 kBProgress (3): 212/315 kB | 114/332 kB | 66/88 kBProgress (4): 212/315 kB | 114/332 kB | 66/88 kB | 16/178 kBProgress (4): 212/315 kB | 131/332 kB | 66/88 kB | 16/178 kBProgress (4): 228/315 kB | 131/332 kB | 66/88 kB | 16/178 kBProgress (5): 228/315 kB | 131/332 kB | 66/88 kB | 16/178 kB | 16/22 kBProgress (5): 228/315 kB | 131/332 kB | 66/88 kB | 16/178 kB | 22 kB   Progress (5): 228/315 kB | 131/332 kB | 82/88 kB | 16/178 kB | 22 kB                                                                    Downloaded from central: https://repo.maven.apache.org/maven2/org/apache/maven/maven-plugin-parameter-documenter/2.2.1/maven-plugin-parameter-documenter-2.2.1.jar (22 kB at 44 kB/s)
Downloading from central: https://repo.maven.apache.org/maven2/org/slf4j/slf4j-jdk14/1.5.6/slf4j-jdk14-1.5.6.jar
Progress (4): 228/315 kB | 131/332 kB | 82/88 kB | 33/178 kBProgress (4): 228/315 kB | 147/332 kB | 82/88 kB | 33/178 kBProgress (4): 228/315 kB | 147/332 kB | 88 kB | 33/178 kB   Progress (4): 245/315 kB | 147/332 kB | 88 kB | 33/178 kB                                                         Downloaded from central: https://repo.maven.apache.org/maven2/org/apache/maven/maven-model/2.2.1/maven-model-2.2.1.jar (88 kB at 173 kB/s)
Downloading from central: https://repo.maven.apache.org/maven2/org/slf4j/slf4j-api/1.5.6/slf4j-api-1.5.6.jar
Progress (4): 245/315 kB | 147/332 kB | 33/178 kB | 8.8 kBProgress (4): 245/315 kB | 163/332 kB | 33/178 kB | 8.8 kB                                                          Downloaded from central: https://repo.maven.apache.org/maven2/org/slf4j/slf4j-jdk14/1.5.6/slf4j-jdk14-1.5.6.jar (8.8 kB at 17 kB/s)
Downloading from central: https://repo.maven.apache.org/maven2/org/slf4j/jcl-over-slf4j/1.5.6/jcl-over-slf4j-1.5.6.jar
Progress (3): 245/315 kB | 163/332 kB | 49/178 kBProgress (3): 261/315 kB | 163/332 kB | 49/178 kBProgress (3): 261/315 kB | 163/332 kB | 66/178 kBProgress (3): 261/315 kB | 180/332 kB | 66/178 kBProgress (4): 261/315 kB | 180/332 kB | 66/178 kB | 16/17 kBProgress (4): 261/315 kB | 180/332 kB | 66/178 kB | 17 kB   Progress (5): 261/315 kB | 180/332 kB | 66/178 kB | 17 kB | 16/22 kBProgress (5): 261/315 kB | 180/332 kB | 66/178 kB | 17 kB | 22 kB                                                                    Downloaded from central: https://repo.maven.apache.org/maven2/org/slf4j/jcl-over-slf4j/1.5.6/jcl-over-slf4j-1.5.6.jar (17 kB at 31 kB/s)
Downloading from central: https://repo.maven.apache.org/maven2/org/apache/maven/reporting/maven-reporting-api/3.0/maven-reporting-api-3.0.jar
Downloaded from central: https://repo.maven.apache.org/maven2/org/slf4j/slf4j-api/1.5.6/slf4j-api-1.5.6.jar (22 kB at 42 kB/s)
Downloading from central: https://repo.maven.apache.org/maven2/org/apache/maven/maven-repository-metadata/2.2.1/maven-repository-metadata-2.2.1.jar
Progress (3): 261/315 kB | 180/332 kB | 82/178 kBProgress (4): 261/315 kB | 180/332 kB | 82/178 kB | 11 kBProgress (4): 261/315 kB | 196/332 kB | 82/178 kB | 11 kBProgress (4): 261/315 kB | 196/332 kB | 98/178 kB | 11 kBProgress (5): 261/315 kB | 196/332 kB | 98/178 kB | 11 kB | 16/26 kBProgress (5): 277/315 kB | 196/332 kB | 98/178 kB | 11 kB | 16/26 kB                                                                    Downloaded from central: https://repo.maven.apache.org/maven2/org/apache/maven/reporting/maven-reporting-api/3.0/maven-reporting-api-3.0.jar (11 kB at 20 kB/s)
Downloading from central: https://repo.maven.apache.org/maven2/org/apache/maven/maven-error-diagnostics/2.2.1/maven-error-diagnostics-2.2.1.jar
Progress (4): 277/315 kB | 212/332 kB | 98/178 kB | 16/26 kBProgress (4): 277/315 kB | 212/332 kB | 98/178 kB | 26 kB   Progress (4): 277/315 kB | 212/332 kB | 115/178 kB | 26 kBProgress (4): 294/315 kB | 212/332 kB | 115/178 kB | 26 kBProgress (4): 294/315 kB | 229/332 kB | 115/178 kB | 26 kB                                                          Downloaded from central: https://repo.maven.apache.org/maven2/org/apache/maven/maven-repository-metadata/2.2.1/maven-repository-metadata-2.2.1.jar (26 kB at 45 kB/s)
Downloading from central: https://repo.maven.apache.org/maven2/org/apache/maven/maven-monitor/2.2.1/maven-monitor-2.2.1.jar
Progress (4): 294/315 kB | 229/332 kB | 115/178 kB | 13 kBProgress (4): 294/315 kB | 229/332 kB | 131/178 kB | 13 kB                                                          Downloaded from central: https://repo.maven.apache.org/maven2/org/apache/maven/maven-error-diagnostics/2.2.1/maven-error-diagnostics-2.2.1.jar (13 kB at 22 kB/s)
Downloading from central: https://repo.maven.apache.org/maven2/classworlds/classworlds/1.1/classworlds-1.1.jar
Progress (3): 294/315 kB | 245/332 kB | 131/178 kBProgress (3): 310/315 kB | 245/332 kB | 131/178 kBProgress (3): 315 kB | 245/332 kB | 131/178 kB                                                  Downloaded from central: https://repo.maven.apache.org/maven2/junit/junit/4.12/junit-4.12.jar (315 kB at 531 kB/s)
Downloading from central: https://repo.maven.apache.org/maven2/org/sonatype/plexus/plexus-sec-dispatcher/1.3/plexus-sec-dispatcher-1.3.jar
Progress (3): 245/332 kB | 131/178 kB | 10 kB                                             Downloaded from central: https://repo.maven.apache.org/maven2/org/apache/maven/maven-monitor/2.2.1/maven-monitor-2.2.1.jar (10 kB at 18 kB/s)
Downloading from central: https://repo.maven.apache.org/maven2/org/sonatype/plexus/plexus-cipher/1.4/plexus-cipher-1.4.jar
Progress (2): 245/332 kB | 147/178 kBProgress (3): 245/332 kB | 147/178 kB | 16/38 kBProgress (3): 245/332 kB | 147/178 kB | 32/38 kBProgress (3): 245/332 kB | 147/178 kB | 38 kB   Progress (3): 262/332 kB | 147/178 kB | 38 kB                                             Downloaded from central: https://repo.maven.apache.org/maven2/classworlds/classworlds/1.1/classworlds-1.1.jar (38 kB at 62 kB/s)
Downloading from central: https://repo.maven.apache.org/maven2/org/apache/maven/maven-toolchain/2.2.1/maven-toolchain-2.2.1.jar
Progress (2): 262/332 kB | 164/178 kBProgress (3): 262/332 kB | 164/178 kB | 13 kBProgress (3): 278/332 kB | 164/178 kB | 13 kBProgress (4): 278/332 kB | 164/178 kB | 13 kB | 16/29 kB                                                        Downloaded from central: https://repo.maven.apache.org/maven2/org/sonatype/plexus/plexus-cipher/1.4/plexus-cipher-1.4.jar (13 kB at 22 kB/s)
Downloading from central: https://repo.maven.apache.org/maven2/org/codehaus/plexus/plexus-java/0.9.10/plexus-java-0.9.10.jar
Progress (3): 278/332 kB | 178 kB | 16/29 kBProgress (4): 278/332 kB | 178 kB | 16/29 kB | 16/38 kBProgress (4): 294/332 kB | 178 kB | 16/29 kB | 16/38 kBProgress (4): 294/332 kB | 178 kB | 16/29 kB | 32/38 kB                                                       Downloaded from central: https://repo.maven.apache.org/maven2/org/apache/maven/maven-core/2.2.1/maven-core-2.2.1.jar (178 kB at 282 kB/s)
Progress (3): 294/332 kB | 16/29 kB | 38 kB                                           Downloading from central: https://repo.maven.apache.org/maven2/org/ow2/asm/asm/6.2/asm-6.2.jar
Progress (3): 294/332 kB | 29 kB | 38 kB                                        Downloaded from central: https://repo.maven.apache.org/maven2/org/apache/maven/maven-toolchain/2.2.1/maven-toolchain-2.2.1.jar (38 kB at 60 kB/s)
Downloading from central: https://repo.maven.apache.org/maven2/com/thoughtworks/qdox/qdox/2.0-M8/qdox-2.0-M8.jar
Downloaded from central: https://repo.maven.apache.org/maven2/org/sonatype/plexus/plexus-sec-dispatcher/1.3/plexus-sec-dispatcher-1.3.jar (29 kB at 45 kB/s)
Progress (1): 311/332 kBProgress (2): 311/332 kB | 16/111 kBProgress (3): 311/332 kB | 16/111 kB | 16/39 kBProgress (3): 311/332 kB | 33/111 kB | 16/39 kBProgress (3): 311/332 kB | 49/111 kB | 16/39 kBProgress (3): 311/332 kB | 66/111 kB | 16/39 kBProgress (4): 311/332 kB | 66/111 kB | 16/39 kB | 16/316 kBProgress (4): 327/332 kB | 66/111 kB | 16/39 kB | 16/316 kBProgress (4): 327/332 kB | 66/111 kB | 32/39 kB | 16/316 kBProgress (4): 332 kB | 66/111 kB | 32/39 kB | 16/316 kB    Progress (4): 332 kB | 66/111 kB | 39 kB | 16/316 kB                                                       Downloaded from central: https://repo.maven.apache.org/maven2/backport-util-concurrent/backport-util-concurrent/3.1/backport-util-concurrent-3.1.jar (332 kB at 500 kB/s)
Downloaded from central: https://repo.maven.apache.org/maven2/org/codehaus/plexus/plexus-java/0.9.10/plexus-java-0.9.10.jar (39 kB at 60 kB/s)
Progress (2): 82/111 kB | 16/316 kBProgress (2): 98/111 kB | 16/316 kBProgress (2): 111 kB | 16/316 kB                                   Downloaded from central: https://repo.maven.apache.org/maven2/org/ow2/asm/asm/6.2/asm-6.2.jar (111 kB at 165 kB/s)
Progress (1): 32/316 kBProgress (1): 49/316 kBProgress (1): 65/316 kBProgress (1): 81/316 kBProgress (1): 98/316 kBProgress (1): 114/316 kBProgress (1): 131/316 kBProgress (1): 147/316 kBProgress (1): 163/316 kBProgress (1): 180/316 kBProgress (1): 196/316 kBProgress (1): 212/316 kBProgress (1): 229/316 kBProgress (1): 245/316 kBProgress (1): 262/316 kBProgress (1): 278/316 kBProgress (1): 294/316 kBProgress (1): 311/316 kBProgress (1): 316 kB                        Downloaded from central: https://repo.maven.apache.org/maven2/com/thoughtworks/qdox/qdox/2.0-M8/qdox-2.0-M8.jar (316 kB at 419 kB/s)
Downloading from central: https://repo.maven.apache.org/maven2/org/apache/maven/surefire/surefire-junit-platform/2.22.2/surefire-junit-platform-2.22.2.pom
Progress (1): 7.0 kB                    Downloaded from central: https://repo.maven.apache.org/maven2/org/apache/maven/surefire/surefire-junit-platform/2.22.2/surefire-junit-platform-2.22.2.pom (7.0 kB at 332 kB/s)
Downloading from central: https://repo.maven.apache.org/maven2/org/apache/maven/surefire/surefire-providers/2.22.2/surefire-providers-2.22.2.pom
Progress (1): 2.5 kB                    Downloaded from central: https://repo.maven.apache.org/maven2/org/apache/maven/surefire/surefire-providers/2.22.2/surefire-providers-2.22.2.pom (2.5 kB at 226 kB/s)
Downloading from central: https://repo.maven.apache.org/maven2/org/junit/platform/junit-platform-launcher/1.3.1/junit-platform-launcher-1.3.1.pom
Progress (1): 2.2 kB                    Downloaded from central: https://repo.maven.apache.org/maven2/org/junit/platform/junit-platform-launcher/1.3.1/junit-platform-launcher-1.3.1.pom (2.2 kB at 185 kB/s)
Downloading from central: https://repo.maven.apache.org/maven2/org/apiguardian/apiguardian-api/1.0.0/apiguardian-api-1.0.0.pom
Progress (1): 1.2 kB                    Downloaded from central: https://repo.maven.apache.org/maven2/org/apiguardian/apiguardian-api/1.0.0/apiguardian-api-1.0.0.pom (1.2 kB at 97 kB/s)
Downloading from central: https://repo.maven.apache.org/maven2/org/junit/platform/junit-platform-engine/1.3.1/junit-platform-engine-1.3.1.pom
Progress (1): 2.4 kB                    Downloaded from central: https://repo.maven.apache.org/maven2/org/junit/platform/junit-platform-engine/1.3.1/junit-platform-engine-1.3.1.pom (2.4 kB at 184 kB/s)
Downloading from central: https://repo.maven.apache.org/maven2/org/junit/platform/junit-platform-commons/1.3.1/junit-platform-commons-1.3.1.pom
Progress (1): 2.0 kB                    Downloaded from central: https://repo.maven.apache.org/maven2/org/junit/platform/junit-platform-commons/1.3.1/junit-platform-commons-1.3.1.pom (2.0 kB at 168 kB/s)
Downloading from central: https://repo.maven.apache.org/maven2/org/opentest4j/opentest4j/1.1.1/opentest4j-1.1.1.pom
Progress (1): 1.7 kB                    Downloaded from central: https://repo.maven.apache.org/maven2/org/opentest4j/opentest4j/1.1.1/opentest4j-1.1.1.pom (1.7 kB at 153 kB/s)
Downloading from central: https://repo.maven.apache.org/maven2/org/apiguardian/apiguardian-api/1.0.0/apiguardian-api-1.0.0.jar
Downloading from central: https://repo.maven.apache.org/maven2/org/apache/maven/surefire/surefire-junit-platform/2.22.2/surefire-junit-platform-2.22.2.jar
Downloading from central: https://repo.maven.apache.org/maven2/org/junit/platform/junit-platform-commons/1.3.1/junit-platform-commons-1.3.1.jar
Downloading from central: https://repo.maven.apache.org/maven2/org/junit/platform/junit-platform-engine/1.3.1/junit-platform-engine-1.3.1.jar
Downloading from central: https://repo.maven.apache.org/maven2/org/junit/platform/junit-platform-launcher/1.3.1/junit-platform-launcher-1.3.1.jar
Progress (1): 2.2 kBProgress (2): 2.2 kB | 16/78 kBProgress (3): 2.2 kB | 16/78 kB | 16/135 kBProgress (4): 2.2 kB | 16/78 kB | 16/135 kB | 16/66 kBProgress (4): 2.2 kB | 16/78 kB | 16/135 kB | 32/66 kBProgress (4): 2.2 kB | 33/78 kB | 16/135 kB | 32/66 kB                                                      Downloaded from central: https://repo.maven.apache.org/maven2/org/apiguardian/apiguardian-api/1.0.0/apiguardian-api-1.0.0.jar (2.2 kB at 44 kB/s)
Progress (3): 49/78 kB | 16/135 kB | 32/66 kBProgress (3): 49/78 kB | 33/135 kB | 32/66 kBProgress (3): 49/78 kB | 49/135 kB | 32/66 kBProgress (3): 49/78 kB | 49/135 kB | 49/66 kBProgress (4): 49/78 kB | 49/135 kB | 49/66 kB | 16/95 kBProgress (4): 49/78 kB | 66/135 kB | 49/66 kB | 16/95 kBProgress (4): 66/78 kB | 66/135 kB | 49/66 kB | 16/95 kBProgress (4): 66/78 kB | 66/135 kB | 49/66 kB | 33/95 kBProgress (4): 66/78 kB | 66/135 kB | 49/66 kB | 49/95 kBProgress (4): 78 kB | 66/135 kB | 49/66 kB | 49/95 kB   Progress (4): 78 kB | 66/135 kB | 65/66 kB | 49/95 kB                                                     Downloaded from central: https://repo.maven.apache.org/maven2/org/junit/platform/junit-platform-commons/1.3.1/junit-platform-commons-1.3.1.jar (78 kB at 938 kB/s)
Progress (3): 66/135 kB | 66 kB | 49/95 kBProgress (3): 82/135 kB | 66 kB | 49/95 kB                                          Downloaded from central: https://repo.maven.apache.org/maven2/org/apache/maven/surefire/surefire-junit-platform/2.22.2/surefire-junit-platform-2.22.2.jar (66 kB at 749 kB/s)
Progress (2): 82/135 kB | 66/95 kBProgress (2): 98/135 kB | 66/95 kBProgress (2): 98/135 kB | 82/95 kB                                  Downloading from central: https://repo.maven.apache.org/maven2/org/opentest4j/opentest4j/1.1.1/opentest4j-1.1.1.jar
Progress (2): 98/135 kB | 95 kBProgress (2): 115/135 kB | 95 kB                                Downloaded from central: https://repo.maven.apache.org/maven2/org/junit/platform/junit-platform-launcher/1.3.1/junit-platform-launcher-1.3.1.jar (95 kB at 868 kB/s)
Progress (2): 115/135 kB | 7.1 kB                                 Downloaded from central: https://repo.maven.apache.org/maven2/org/opentest4j/opentest4j/1.1.1/opentest4j-1.1.1.jar (7.1 kB at 419 kB/s)
Progress (1): 131/135 kBProgress (1): 135 kB                        Downloaded from central: https://repo.maven.apache.org/maven2/org/junit/platform/junit-platform-engine/1.3.1/junit-platform-engine-1.3.1.jar (135 kB at 1.1 MB/s)
[INFO] 
[INFO] -------------------------------------------------------
[INFO]  T E S T S
[INFO] -------------------------------------------------------
[INFO] Running com.kibernumacademy.devops.services.StudentServiceImplTest
[INFO] Tests run: 3, Failures: 0, Errors: 0, Skipped: 0, Time elapsed: 170.57 s - in com.kibernumacademy.devops.services.StudentServiceImplTest
[INFO] Running com.kibernumacademy.devops.entitys.StudentTest
[INFO] Tests run: 3, Failures: 0, Errors: 0, Skipped: 0, Time elapsed: 0.017 s - in com.kibernumacademy.devops.entitys.StudentTest
[INFO] Running com.kibernumacademy.devops.DevopsApplicationTests
00:54:14.716 [main] DEBUG org.springframework.boot.test.context.SpringBootTestContextBootstrapper -- Neither @ContextConfiguration nor @ContextHierarchy found for test class [DevopsApplicationTests]: using SpringBootContextLoader
00:54:18.786 [main] DEBUG org.springframework.test.context.support.AbstractContextLoader -- Could not detect default resource locations for test class [com.kibernumacademy.devops.DevopsApplicationTests]: no resource found for suffixes {-context.xml, Context.groovy}.
00:54:19.836 [main] INFO org.springframework.test.context.support.AnnotationConfigContextLoaderUtils -- Could not detect default configuration classes for test class [com.kibernumacademy.devops.DevopsApplicationTests]: DevopsApplicationTests does not declare any static, non-private, non-final, nested classes annotated with @Configuration.
00:54:40.290 [main] DEBUG org.springframework.boot.test.context.SpringBootTestContextBootstrapper -- Using ContextCustomizers for test class [DevopsApplicationTests]: [ExcludeFilterContextCustomizer, DuplicateJsonObjectContextCustomizer, MockitoContextCustomizer, TestRestTemplateContextCustomizer, DisableObservabilityContextCustomizer, PropertyMappingContextCustomizer, Customizer]
00:55:18.082 [main] DEBUG org.springframework.context.annotation.ClassPathScanningCandidateComponentProvider -- Identified candidate component class: file [/var/jenkins_home/workspace/devopsCompleto/target/classes/com/kibernumacademy/devops/DevopsApplication.class]
00:55:21.963 [main] INFO org.springframework.boot.test.context.SpringBootTestContextBootstrapper -- Found @SpringBootConfiguration com.kibernumacademy.devops.DevopsApplication for test class com.kibernumacademy.devops.DevopsApplicationTests
00:57:03.317 [main] DEBUG org.springframework.boot.test.context.SpringBootTestContextBootstrapper -- Using TestExecutionListeners for test class [DevopsApplicationTests]: [ServletTestExecutionListener, DirtiesContextBeforeModesTestExecutionListener, ApplicationEventsTestExecutionListener, MockitoTestExecutionListener, DependencyInjectionTestExecutionListener, DirtiesContextTestExecutionListener, TransactionalTestExecutionListener, SqlScriptsTestExecutionListener, EventPublishingTestExecutionListener, ResetMocksTestExecutionListener, RestDocsTestExecutionListener, MockRestServiceServerResetTestExecutionListener, MockMvcPrintOnlyOnFailureTestExecutionListener, WebDriverTestExecutionListener, MockWebServiceServerTestExecutionListener]
00:57:19.580 [main] DEBUG org.springframework.test.context.support.AbstractDirtiesContextTestExecutionListener -- Before test class: class [DevopsApplicationTests], class annotated with @DirtiesContext [false] with mode [null]

  .   ____          _            __ _ _
 /\\ / ___'_ __ _ _(_)_ __  __ _ \ \ \ \
( ( )\___ | '_ | '_| | '_ \/ _` | \ \ \ \
 \\/  ___)| |_)| | | | | || (_| |  ) ) ) )
  '  |____| .__|_| |_|_| |_\__, | / / / /
 =========|_|==============|___/=/_/_/_/
 :: Spring Boot ::                (v3.0.6)

[INFO] 
[INFO] Results:
[INFO] 
[INFO] Tests run: 6, Failures: 0, Errors: 0, Skipped: 0
[INFO] 
[INFO] ------------------------------------------------------------------------
[INFO] BUILD FAILURE
[INFO] ------------------------------------------------------------------------
[INFO] Total time:  18:12 min
[INFO] Finished at: 2023-07-25T01:06:11Z
[INFO] ------------------------------------------------------------------------
[8mha:////4Kb5bupWZ7s+4L/EQXZ4p8UvHu2SDjdMNgHupZ6aNMlyAAAAYB+LCAAAAAAAAP9b85aBtbiIQSmjNKU4P0+vJLE4u1gvPjexLDVPzxdEuhYV5Rf55Zek1m9pfpLfVWLNxMBQUcQgBdWQnJ9XnJ+TqucMoUEKGSCAEaSwAABqVhoSYAAAAA==[0m[ERROR] Failed to execute goal org.apache.maven.plugins:maven-surefire-plugin:2.22.2:test (default-test) on project devops: There are test failures.
[8mha:////4Kb5bupWZ7s+4L/EQXZ4p8UvHu2SDjdMNgHupZ6aNMlyAAAAYB+LCAAAAAAAAP9b85aBtbiIQSmjNKU4P0+vJLE4u1gvPjexLDVPzxdEuhYV5Rf55Zek1m9pfpLfVWLNxMBQUcQgBdWQnJ9XnJ+TqucMoUEKGSCAEaSwAABqVhoSYAAAAA==[0m[ERROR] 
[8mha:////4Kb5bupWZ7s+4L/EQXZ4p8UvHu2SDjdMNgHupZ6aNMlyAAAAYB+LCAAAAAAAAP9b85aBtbiIQSmjNKU4P0+vJLE4u1gvPjexLDVPzxdEuhYV5Rf55Zek1m9pfpLfVWLNxMBQUcQgBdWQnJ9XnJ+TqucMoUEKGSCAEaSwAABqVhoSYAAAAA==[0m[ERROR] Please refer to /var/jenkins_home/workspace/devopsCompleto/target/surefire-reports for the individual test results.
[8mha:////4Kb5bupWZ7s+4L/EQXZ4p8UvHu2SDjdMNgHupZ6aNMlyAAAAYB+LCAAAAAAAAP9b85aBtbiIQSmjNKU4P0+vJLE4u1gvPjexLDVPzxdEuhYV5Rf55Zek1m9pfpLfVWLNxMBQUcQgBdWQnJ9XnJ+TqucMoUEKGSCAEaSwAABqVhoSYAAAAA==[0m[ERROR] Please refer to dump files (if any exist) [date].dump, [date]-jvmRun[N].dump and [date].dumpstream.
[8mha:////4Kb5bupWZ7s+4L/EQXZ4p8UvHu2SDjdMNgHupZ6aNMlyAAAAYB+LCAAAAAAAAP9b85aBtbiIQSmjNKU4P0+vJLE4u1gvPjexLDVPzxdEuhYV5Rf55Zek1m9pfpLfVWLNxMBQUcQgBdWQnJ9XnJ+TqucMoUEKGSCAEaSwAABqVhoSYAAAAA==[0m[ERROR] The forked VM terminated without properly saying goodbye. VM crash or System.exit called?
[8mha:////4Kb5bupWZ7s+4L/EQXZ4p8UvHu2SDjdMNgHupZ6aNMlyAAAAYB+LCAAAAAAAAP9b85aBtbiIQSmjNKU4P0+vJLE4u1gvPjexLDVPzxdEuhYV5Rf55Zek1m9pfpLfVWLNxMBQUcQgBdWQnJ9XnJ+TqucMoUEKGSCAEaSwAABqVhoSYAAAAA==[0m[ERROR] Command was /bin/sh -c cd /var/jenkins_home/workspace/devopsCompleto && /usr/lib/jvm/java-17-openjdk-amd64/bin/java -jar /var/jenkins_home/workspace/devopsCompleto/target/surefire/surefirebooter8885175093584038679.jar /var/jenkins_home/workspace/devopsCompleto/target/surefire 2023-07-25T00-48-13_419-jvmRun1 surefire6866832208030693081tmp surefire_05043959759663008421tmp
[8mha:////4Kb5bupWZ7s+4L/EQXZ4p8UvHu2SDjdMNgHupZ6aNMlyAAAAYB+LCAAAAAAAAP9b85aBtbiIQSmjNKU4P0+vJLE4u1gvPjexLDVPzxdEuhYV5Rf55Zek1m9pfpLfVWLNxMBQUcQgBdWQnJ9XnJ+TqucMoUEKGSCAEaSwAABqVhoSYAAAAA==[0m[ERROR] Error occurred in starting fork, check output in log
[8mha:////4Kb5bupWZ7s+4L/EQXZ4p8UvHu2SDjdMNgHupZ6aNMlyAAAAYB+LCAAAAAAAAP9b85aBtbiIQSmjNKU4P0+vJLE4u1gvPjexLDVPzxdEuhYV5Rf55Zek1m9pfpLfVWLNxMBQUcQgBdWQnJ9XnJ+TqucMoUEKGSCAEaSwAABqVhoSYAAAAA==[0m[ERROR] Process Exit Code: 143
[8mha:////4Kb5bupWZ7s+4L/EQXZ4p8UvHu2SDjdMNgHupZ6aNMlyAAAAYB+LCAAAAAAAAP9b85aBtbiIQSmjNKU4P0+vJLE4u1gvPjexLDVPzxdEuhYV5Rf55Zek1m9pfpLfVWLNxMBQUcQgBdWQnJ9XnJ+TqucMoUEKGSCAEaSwAABqVhoSYAAAAA==[0m[ERROR] org.apache.maven.surefire.booter.SurefireBooterForkException: The forked VM terminated without properly saying goodbye. VM crash or System.exit called?
[8mha:////4Kb5bupWZ7s+4L/EQXZ4p8UvHu2SDjdMNgHupZ6aNMlyAAAAYB+LCAAAAAAAAP9b85aBtbiIQSmjNKU4P0+vJLE4u1gvPjexLDVPzxdEuhYV5Rf55Zek1m9pfpLfVWLNxMBQUcQgBdWQnJ9XnJ+TqucMoUEKGSCAEaSwAABqVhoSYAAAAA==[0m[ERROR] Command was /bin/sh -c cd /var/jenkins_home/workspace/devopsCompleto && /usr/lib/jvm/java-17-openjdk-amd64/bin/java -jar /var/jenkins_home/workspace/devopsCompleto/target/surefire/surefirebooter8885175093584038679.jar /var/jenkins_home/workspace/devopsCompleto/target/surefire 2023-07-25T00-48-13_419-jvmRun1 surefire6866832208030693081tmp surefire_05043959759663008421tmp
[8mha:////4Kb5bupWZ7s+4L/EQXZ4p8UvHu2SDjdMNgHupZ6aNMlyAAAAYB+LCAAAAAAAAP9b85aBtbiIQSmjNKU4P0+vJLE4u1gvPjexLDVPzxdEuhYV5Rf55Zek1m9pfpLfVWLNxMBQUcQgBdWQnJ9XnJ+TqucMoUEKGSCAEaSwAABqVhoSYAAAAA==[0m[ERROR] Error occurred in starting fork, check output in log
[8mha:////4Kb5bupWZ7s+4L/EQXZ4p8UvHu2SDjdMNgHupZ6aNMlyAAAAYB+LCAAAAAAAAP9b85aBtbiIQSmjNKU4P0+vJLE4u1gvPjexLDVPzxdEuhYV5Rf55Zek1m9pfpLfVWLNxMBQUcQgBdWQnJ9XnJ+TqucMoUEKGSCAEaSwAABqVhoSYAAAAA==[0m[ERROR] Process Exit Code: 143
[8mha:////4Kb5bupWZ7s+4L/EQXZ4p8UvHu2SDjdMNgHupZ6aNMlyAAAAYB+LCAAAAAAAAP9b85aBtbiIQSmjNKU4P0+vJLE4u1gvPjexLDVPzxdEuhYV5Rf55Zek1m9pfpLfVWLNxMBQUcQgBdWQnJ9XnJ+TqucMoUEKGSCAEaSwAABqVhoSYAAAAA==[0m[ERROR] 	at org.apache.maven.plugin.surefire.booterclient.ForkStarter.fork(ForkStarter.java:669)
[8mha:////4Kb5bupWZ7s+4L/EQXZ4p8UvHu2SDjdMNgHupZ6aNMlyAAAAYB+LCAAAAAAAAP9b85aBtbiIQSmjNKU4P0+vJLE4u1gvPjexLDVPzxdEuhYV5Rf55Zek1m9pfpLfVWLNxMBQUcQgBdWQnJ9XnJ+TqucMoUEKGSCAEaSwAABqVhoSYAAAAA==[0m[ERROR] 	at org.apache.maven.plugin.surefire.booterclient.ForkStarter.run(ForkStarter.java:282)
[8mha:////4Kb5bupWZ7s+4L/EQXZ4p8UvHu2SDjdMNgHupZ6aNMlyAAAAYB+LCAAAAAAAAP9b85aBtbiIQSmjNKU4P0+vJLE4u1gvPjexLDVPzxdEuhYV5Rf55Zek1m9pfpLfVWLNxMBQUcQgBdWQnJ9XnJ+TqucMoUEKGSCAEaSwAABqVhoSYAAAAA==[0m[ERROR] 	at org.apache.maven.plugin.surefire.booterclient.ForkStarter.run(ForkStarter.java:245)
[8mha:////4Kb5bupWZ7s+4L/EQXZ4p8UvHu2SDjdMNgHupZ6aNMlyAAAAYB+LCAAAAAAAAP9b85aBtbiIQSmjNKU4P0+vJLE4u1gvPjexLDVPzxdEuhYV5Rf55Zek1m9pfpLfVWLNxMBQUcQgBdWQnJ9XnJ+TqucMoUEKGSCAEaSwAABqVhoSYAAAAA==[0m[ERROR] 	at org.apache.maven.plugin.surefire.AbstractSurefireMojo.executeProvider(AbstractSurefireMojo.java:1183)
[8mha:////4Kb5bupWZ7s+4L/EQXZ4p8UvHu2SDjdMNgHupZ6aNMlyAAAAYB+LCAAAAAAAAP9b85aBtbiIQSmjNKU4P0+vJLE4u1gvPjexLDVPzxdEuhYV5Rf55Zek1m9pfpLfVWLNxMBQUcQgBdWQnJ9XnJ+TqucMoUEKGSCAEaSwAABqVhoSYAAAAA==[0m[ERROR] 	at org.apache.maven.plugin.surefire.AbstractSurefireMojo.executeAfterPreconditionsChecked(AbstractSurefireMojo.java:1011)
[8mha:////4Kb5bupWZ7s+4L/EQXZ4p8UvHu2SDjdMNgHupZ6aNMlyAAAAYB+LCAAAAAAAAP9b85aBtbiIQSmjNKU4P0+vJLE4u1gvPjexLDVPzxdEuhYV5Rf55Zek1m9pfpLfVWLNxMBQUcQgBdWQnJ9XnJ+TqucMoUEKGSCAEaSwAABqVhoSYAAAAA==[0m[ERROR] 	at org.apache.maven.plugin.surefire.AbstractSurefireMojo.execute(AbstractSurefireMojo.java:857)
[8mha:////4Kb5bupWZ7s+4L/EQXZ4p8UvHu2SDjdMNgHupZ6aNMlyAAAAYB+LCAAAAAAAAP9b85aBtbiIQSmjNKU4P0+vJLE4u1gvPjexLDVPzxdEuhYV5Rf55Zek1m9pfpLfVWLNxMBQUcQgBdWQnJ9XnJ+TqucMoUEKGSCAEaSwAABqVhoSYAAAAA==[0m[ERROR] 	at org.apache.maven.plugin.DefaultBuildPluginManager.executeMojo(DefaultBuildPluginManager.java:126)
[8mha:////4Kb5bupWZ7s+4L/EQXZ4p8UvHu2SDjdMNgHupZ6aNMlyAAAAYB+LCAAAAAAAAP9b85aBtbiIQSmjNKU4P0+vJLE4u1gvPjexLDVPzxdEuhYV5Rf55Zek1m9pfpLfVWLNxMBQUcQgBdWQnJ9XnJ+TqucMoUEKGSCAEaSwAABqVhoSYAAAAA==[0m[ERROR] 	at org.apache.maven.lifecycle.internal.MojoExecutor.doExecute2(MojoExecutor.java:328)
[8mha:////4Kb5bupWZ7s+4L/EQXZ4p8UvHu2SDjdMNgHupZ6aNMlyAAAAYB+LCAAAAAAAAP9b85aBtbiIQSmjNKU4P0+vJLE4u1gvPjexLDVPzxdEuhYV5Rf55Zek1m9pfpLfVWLNxMBQUcQgBdWQnJ9XnJ+TqucMoUEKGSCAEaSwAABqVhoSYAAAAA==[0m[ERROR] 	at org.apache.maven.lifecycle.internal.MojoExecutor.doExecute(MojoExecutor.java:316)
[8mha:////4Kb5bupWZ7s+4L/EQXZ4p8UvHu2SDjdMNgHupZ6aNMlyAAAAYB+LCAAAAAAAAP9b85aBtbiIQSmjNKU4P0+vJLE4u1gvPjexLDVPzxdEuhYV5Rf55Zek1m9pfpLfVWLNxMBQUcQgBdWQnJ9XnJ+TqucMoUEKGSCAEaSwAABqVhoSYAAAAA==[0m[ERROR] 	at org.apache.maven.lifecycle.internal.MojoExecutor.execute(MojoExecutor.java:212)
[8mha:////4Kb5bupWZ7s+4L/EQXZ4p8UvHu2SDjdMNgHupZ6aNMlyAAAAYB+LCAAAAAAAAP9b85aBtbiIQSmjNKU4P0+vJLE4u1gvPjexLDVPzxdEuhYV5Rf55Zek1m9pfpLfVWLNxMBQUcQgBdWQnJ9XnJ+TqucMoUEKGSCAEaSwAABqVhoSYAAAAA==[0m[ERROR] 	at org.apache.maven.lifecycle.internal.MojoExecutor.execute(MojoExecutor.java:174)
[8mha:////4Kb5bupWZ7s+4L/EQXZ4p8UvHu2SDjdMNgHupZ6aNMlyAAAAYB+LCAAAAAAAAP9b85aBtbiIQSmjNKU4P0+vJLE4u1gvPjexLDVPzxdEuhYV5Rf55Zek1m9pfpLfVWLNxMBQUcQgBdWQnJ9XnJ+TqucMoUEKGSCAEaSwAABqVhoSYAAAAA==[0m[ERROR] 	at org.apache.maven.lifecycle.internal.MojoExecutor.access$000(MojoExecutor.java:75)
[8mha:////4Kb5bupWZ7s+4L/EQXZ4p8UvHu2SDjdMNgHupZ6aNMlyAAAAYB+LCAAAAAAAAP9b85aBtbiIQSmjNKU4P0+vJLE4u1gvPjexLDVPzxdEuhYV5Rf55Zek1m9pfpLfVWLNxMBQUcQgBdWQnJ9XnJ+TqucMoUEKGSCAEaSwAABqVhoSYAAAAA==[0m[ERROR] 	at org.apache.maven.lifecycle.internal.MojoExecutor$1.run(MojoExecutor.java:162)
[8mha:////4Kb5bupWZ7s+4L/EQXZ4p8UvHu2SDjdMNgHupZ6aNMlyAAAAYB+LCAAAAAAAAP9b85aBtbiIQSmjNKU4P0+vJLE4u1gvPjexLDVPzxdEuhYV5Rf55Zek1m9pfpLfVWLNxMBQUcQgBdWQnJ9XnJ+TqucMoUEKGSCAEaSwAABqVhoSYAAAAA==[0m[ERROR] 	at org.apache.maven.plugin.DefaultMojosExecutionStrategy.execute(DefaultMojosExecutionStrategy.java:39)
[8mha:////4Kb5bupWZ7s+4L/EQXZ4p8UvHu2SDjdMNgHupZ6aNMlyAAAAYB+LCAAAAAAAAP9b85aBtbiIQSmjNKU4P0+vJLE4u1gvPjexLDVPzxdEuhYV5Rf55Zek1m9pfpLfVWLNxMBQUcQgBdWQnJ9XnJ+TqucMoUEKGSCAEaSwAABqVhoSYAAAAA==[0m[ERROR] 	at org.apache.maven.lifecycle.internal.MojoExecutor.execute(MojoExecutor.java:159)
[8mha:////4Kb5bupWZ7s+4L/EQXZ4p8UvHu2SDjdMNgHupZ6aNMlyAAAAYB+LCAAAAAAAAP9b85aBtbiIQSmjNKU4P0+vJLE4u1gvPjexLDVPzxdEuhYV5Rf55Zek1m9pfpLfVWLNxMBQUcQgBdWQnJ9XnJ+TqucMoUEKGSCAEaSwAABqVhoSYAAAAA==[0m[ERROR] 	at org.apache.maven.lifecycle.internal.LifecycleModuleBuilder.buildProject(LifecycleModuleBuilder.java:105)
[8mha:////4Kb5bupWZ7s+4L/EQXZ4p8UvHu2SDjdMNgHupZ6aNMlyAAAAYB+LCAAAAAAAAP9b85aBtbiIQSmjNKU4P0+vJLE4u1gvPjexLDVPzxdEuhYV5Rf55Zek1m9pfpLfVWLNxMBQUcQgBdWQnJ9XnJ+TqucMoUEKGSCAEaSwAABqVhoSYAAAAA==[0m[ERROR] 	at org.apache.maven.lifecycle.internal.LifecycleModuleBuilder.buildProject(LifecycleModuleBuilder.java:73)
[8mha:////4Kb5bupWZ7s+4L/EQXZ4p8UvHu2SDjdMNgHupZ6aNMlyAAAAYB+LCAAAAAAAAP9b85aBtbiIQSmjNKU4P0+vJLE4u1gvPjexLDVPzxdEuhYV5Rf55Zek1m9pfpLfVWLNxMBQUcQgBdWQnJ9XnJ+TqucMoUEKGSCAEaSwAABqVhoSYAAAAA==[0m[ERROR] 	at org.apache.maven.lifecycle.internal.builder.singlethreaded.SingleThreadedBuilder.build(SingleThreadedBuilder.java:53)
[8mha:////4Kb5bupWZ7s+4L/EQXZ4p8UvHu2SDjdMNgHupZ6aNMlyAAAAYB+LCAAAAAAAAP9b85aBtbiIQSmjNKU4P0+vJLE4u1gvPjexLDVPzxdEuhYV5Rf55Zek1m9pfpLfVWLNxMBQUcQgBdWQnJ9XnJ+TqucMoUEKGSCAEaSwAABqVhoSYAAAAA==[0m[ERROR] 	at org.apache.maven.lifecycle.internal.LifecycleStarter.execute(LifecycleStarter.java:118)
[8mha:////4Kb5bupWZ7s+4L/EQXZ4p8UvHu2SDjdMNgHupZ6aNMlyAAAAYB+LCAAAAAAAAP9b85aBtbiIQSmjNKU4P0+vJLE4u1gvPjexLDVPzxdEuhYV5Rf55Zek1m9pfpLfVWLNxMBQUcQgBdWQnJ9XnJ+TqucMoUEKGSCAEaSwAABqVhoSYAAAAA==[0m[ERROR] 	at org.apache.maven.DefaultMaven.doExecute(DefaultMaven.java:261)
[8mha:////4Kb5bupWZ7s+4L/EQXZ4p8UvHu2SDjdMNgHupZ6aNMlyAAAAYB+LCAAAAAAAAP9b85aBtbiIQSmjNKU4P0+vJLE4u1gvPjexLDVPzxdEuhYV5Rf55Zek1m9pfpLfVWLNxMBQUcQgBdWQnJ9XnJ+TqucMoUEKGSCAEaSwAABqVhoSYAAAAA==[0m[ERROR] 	at org.apache.maven.DefaultMaven.doExecute(DefaultMaven.java:173)
[8mha:////4Kb5bupWZ7s+4L/EQXZ4p8UvHu2SDjdMNgHupZ6aNMlyAAAAYB+LCAAAAAAAAP9b85aBtbiIQSmjNKU4P0+vJLE4u1gvPjexLDVPzxdEuhYV5Rf55Zek1m9pfpLfVWLNxMBQUcQgBdWQnJ9XnJ+TqucMoUEKGSCAEaSwAABqVhoSYAAAAA==[0m[ERROR] 	at org.apache.maven.DefaultMaven.execute(DefaultMaven.java:101)
[8mha:////4Kb5bupWZ7s+4L/EQXZ4p8UvHu2SDjdMNgHupZ6aNMlyAAAAYB+LCAAAAAAAAP9b85aBtbiIQSmjNKU4P0+vJLE4u1gvPjexLDVPzxdEuhYV5Rf55Zek1m9pfpLfVWLNxMBQUcQgBdWQnJ9XnJ+TqucMoUEKGSCAEaSwAABqVhoSYAAAAA==[0m[ERROR] 	at org.apache.maven.cli.MavenCli.execute(MavenCli.java:906)
[8mha:////4Kb5bupWZ7s+4L/EQXZ4p8UvHu2SDjdMNgHupZ6aNMlyAAAAYB+LCAAAAAAAAP9b85aBtbiIQSmjNKU4P0+vJLE4u1gvPjexLDVPzxdEuhYV5Rf55Zek1m9pfpLfVWLNxMBQUcQgBdWQnJ9XnJ+TqucMoUEKGSCAEaSwAABqVhoSYAAAAA==[0m[ERROR] 	at org.apache.maven.cli.MavenCli.doMain(MavenCli.java:283)
[8mha:////4Kb5bupWZ7s+4L/EQXZ4p8UvHu2SDjdMNgHupZ6aNMlyAAAAYB+LCAAAAAAAAP9b85aBtbiIQSmjNKU4P0+vJLE4u1gvPjexLDVPzxdEuhYV5Rf55Zek1m9pfpLfVWLNxMBQUcQgBdWQnJ9XnJ+TqucMoUEKGSCAEaSwAABqVhoSYAAAAA==[0m[ERROR] 	at org.apache.maven.cli.MavenCli.main(MavenCli.java:206)
[8mha:////4Kb5bupWZ7s+4L/EQXZ4p8UvHu2SDjdMNgHupZ6aNMlyAAAAYB+LCAAAAAAAAP9b85aBtbiIQSmjNKU4P0+vJLE4u1gvPjexLDVPzxdEuhYV5Rf55Zek1m9pfpLfVWLNxMBQUcQgBdWQnJ9XnJ+TqucMoUEKGSCAEaSwAABqVhoSYAAAAA==[0m[ERROR] 	at java.base/jdk.internal.reflect.NativeMethodAccessorImpl.invoke0(Native Method)
[8mha:////4Kb5bupWZ7s+4L/EQXZ4p8UvHu2SDjdMNgHupZ6aNMlyAAAAYB+LCAAAAAAAAP9b85aBtbiIQSmjNKU4P0+vJLE4u1gvPjexLDVPzxdEuhYV5Rf55Zek1m9pfpLfVWLNxMBQUcQgBdWQnJ9XnJ+TqucMoUEKGSCAEaSwAABqVhoSYAAAAA==[0m[ERROR] 	at java.base/jdk.internal.reflect.NativeMethodAccessorImpl.invoke(NativeMethodAccessorImpl.java:77)
[8mha:////4Kb5bupWZ7s+4L/EQXZ4p8UvHu2SDjdMNgHupZ6aNMlyAAAAYB+LCAAAAAAAAP9b85aBtbiIQSmjNKU4P0+vJLE4u1gvPjexLDVPzxdEuhYV5Rf55Zek1m9pfpLfVWLNxMBQUcQgBdWQnJ9XnJ+TqucMoUEKGSCAEaSwAABqVhoSYAAAAA==[0m[ERROR] 	at java.base/jdk.internal.reflect.DelegatingMethodAccessorImpl.invoke(DelegatingMethodAccessorImpl.java:43)
[8mha:////4Kb5bupWZ7s+4L/EQXZ4p8UvHu2SDjdMNgHupZ6aNMlyAAAAYB+LCAAAAAAAAP9b85aBtbiIQSmjNKU4P0+vJLE4u1gvPjexLDVPzxdEuhYV5Rf55Zek1m9pfpLfVWLNxMBQUcQgBdWQnJ9XnJ+TqucMoUEKGSCAEaSwAABqVhoSYAAAAA==[0m[ERROR] 	at java.base/java.lang.reflect.Method.invoke(Method.java:568)
[8mha:////4Kb5bupWZ7s+4L/EQXZ4p8UvHu2SDjdMNgHupZ6aNMlyAAAAYB+LCAAAAAAAAP9b85aBtbiIQSmjNKU4P0+vJLE4u1gvPjexLDVPzxdEuhYV5Rf55Zek1m9pfpLfVWLNxMBQUcQgBdWQnJ9XnJ+TqucMoUEKGSCAEaSwAABqVhoSYAAAAA==[0m[ERROR] 	at org.codehaus.plexus.classworlds.launcher.Launcher.launchEnhanced(Launcher.java:283)
[8mha:////4Kb5bupWZ7s+4L/EQXZ4p8UvHu2SDjdMNgHupZ6aNMlyAAAAYB+LCAAAAAAAAP9b85aBtbiIQSmjNKU4P0+vJLE4u1gvPjexLDVPzxdEuhYV5Rf55Zek1m9pfpLfVWLNxMBQUcQgBdWQnJ9XnJ+TqucMoUEKGSCAEaSwAABqVhoSYAAAAA==[0m[ERROR] 	at org.codehaus.plexus.classworlds.launcher.Launcher.launch(Launcher.java:226)
[8mha:////4Kb5bupWZ7s+4L/EQXZ4p8UvHu2SDjdMNgHupZ6aNMlyAAAAYB+LCAAAAAAAAP9b85aBtbiIQSmjNKU4P0+vJLE4u1gvPjexLDVPzxdEuhYV5Rf55Zek1m9pfpLfVWLNxMBQUcQgBdWQnJ9XnJ+TqucMoUEKGSCAEaSwAABqVhoSYAAAAA==[0m[ERROR] 	at org.codehaus.plexus.classworlds.launcher.Launcher.mainWithExitCode(Launcher.java:407)
[8mha:////4Kb5bupWZ7s+4L/EQXZ4p8UvHu2SDjdMNgHupZ6aNMlyAAAAYB+LCAAAAAAAAP9b85aBtbiIQSmjNKU4P0+vJLE4u1gvPjexLDVPzxdEuhYV5Rf55Zek1m9pfpLfVWLNxMBQUcQgBdWQnJ9XnJ+TqucMoUEKGSCAEaSwAABqVhoSYAAAAA==[0m[ERROR] 	at org.codehaus.plexus.classworlds.launcher.Launcher.main(Launcher.java:348)
[8mha:////4Kb5bupWZ7s+4L/EQXZ4p8UvHu2SDjdMNgHupZ6aNMlyAAAAYB+LCAAAAAAAAP9b85aBtbiIQSmjNKU4P0+vJLE4u1gvPjexLDVPzxdEuhYV5Rf55Zek1m9pfpLfVWLNxMBQUcQgBdWQnJ9XnJ+TqucMoUEKGSCAEaSwAABqVhoSYAAAAA==[0m[ERROR] 
[8mha:////4Kb5bupWZ7s+4L/EQXZ4p8UvHu2SDjdMNgHupZ6aNMlyAAAAYB+LCAAAAAAAAP9b85aBtbiIQSmjNKU4P0+vJLE4u1gvPjexLDVPzxdEuhYV5Rf55Zek1m9pfpLfVWLNxMBQUcQgBdWQnJ9XnJ+TqucMoUEKGSCAEaSwAABqVhoSYAAAAA==[0m[ERROR] -> [Help 1]
[8mha:////4Kb5bupWZ7s+4L/EQXZ4p8UvHu2SDjdMNgHupZ6aNMlyAAAAYB+LCAAAAAAAAP9b85aBtbiIQSmjNKU4P0+vJLE4u1gvPjexLDVPzxdEuhYV5Rf55Zek1m9pfpLfVWLNxMBQUcQgBdWQnJ9XnJ+TqucMoUEKGSCAEaSwAABqVhoSYAAAAA==[0m[ERROR] 
[8mha:////4Kb5bupWZ7s+4L/EQXZ4p8UvHu2SDjdMNgHupZ6aNMlyAAAAYB+LCAAAAAAAAP9b85aBtbiIQSmjNKU4P0+vJLE4u1gvPjexLDVPzxdEuhYV5Rf55Zek1m9pfpLfVWLNxMBQUcQgBdWQnJ9XnJ+TqucMoUEKGSCAEaSwAABqVhoSYAAAAA==[0m[ERROR] To see the full stack trace of the errors, re-run Maven with the -e switch.
[8mha:////4Kb5bupWZ7s+4L/EQXZ4p8UvHu2SDjdMNgHupZ6aNMlyAAAAYB+LCAAAAAAAAP9b85aBtbiIQSmjNKU4P0+vJLE4u1gvPjexLDVPzxdEuhYV5Rf55Zek1m9pfpLfVWLNxMBQUcQgBdWQnJ9XnJ+TqucMoUEKGSCAEaSwAABqVhoSYAAAAA==[0m[ERROR] Re-run Maven using the -X switch to enable full debug logging.
[8mha:////4Kb5bupWZ7s+4L/EQXZ4p8UvHu2SDjdMNgHupZ6aNMlyAAAAYB+LCAAAAAAAAP9b85aBtbiIQSmjNKU4P0+vJLE4u1gvPjexLDVPzxdEuhYV5Rf55Zek1m9pfpLfVWLNxMBQUcQgBdWQnJ9XnJ+TqucMoUEKGSCAEaSwAABqVhoSYAAAAA==[0m[ERROR] 
[8mha:////4Kb5bupWZ7s+4L/EQXZ4p8UvHu2SDjdMNgHupZ6aNMlyAAAAYB+LCAAAAAAAAP9b85aBtbiIQSmjNKU4P0+vJLE4u1gvPjexLDVPzxdEuhYV5Rf55Zek1m9pfpLfVWLNxMBQUcQgBdWQnJ9XnJ+TqucMoUEKGSCAEaSwAABqVhoSYAAAAA==[0m[ERROR] For more information about the errors and possible solutions, please read the following articles:
[8mha:////4Kb5bupWZ7s+4L/EQXZ4p8UvHu2SDjdMNgHupZ6aNMlyAAAAYB+LCAAAAAAAAP9b85aBtbiIQSmjNKU4P0+vJLE4u1gvPjexLDVPzxdEuhYV5Rf55Zek1m9pfpLfVWLNxMBQUcQgBdWQnJ9XnJ+TqucMoUEKGSCAEaSwAABqVhoSYAAAAA==[0m[ERROR] [Help 1] http://cwiki.apache.org/confluence/display/MAVEN/MojoExecutionException
Build was aborted
Aborted by [8mha:////4P6DN5/ptVItoZ4OD4ihaxoC7SB6SFdPlrS5lyDT9tW/AAAAlx+LCAAAAAAAAP9b85aBtbiIQTGjNKU4P08vOT+vOD8nVc83PyU1x6OyILUoJzMv2y+/JJUBAhiZGBgqihhk0NSjKDWzXb3RdlLBUSYGJk8GtpzUvPSSDB8G5tKinBIGIZ+sxLJE/ZzEvHT94JKizLx0a6BxUmjGOUNodHsLgAzWEgZu/dLi1CL9xJTczDwAj6GcLcAAAAA=[0madmin
Finished: ABORTED
